#
# There is insufficient memory for the Java Runtime Environment to continue.
# Native memory allocation (malloc) failed to allocate 476656 bytes for Chunk::new
# Possible reasons:
#   The system is out of physical RAM or swap space
#   The process is running with CompressedOops enabled, and the Java Heap may be blocking the growth of the native heap
# Possible solutions:
#   Reduce memory load on the system
#   Increase physical memory or swap space
#   Check if swap backing store is full
#   Decrease Java heap size (-Xmx/-Xms)
#   Decrease number of Java threads
#   Decrease Java thread stack sizes (-Xss)
#   Set larger code cache with -XX:ReservedCodeCacheSize=
#   JVM is running with Unscaled Compressed Oops mode in which the Java heap is
#     placed in the first 4GB address space. The Java Heap base address is the
#     maximum limit for the native heap growth. Please use -XX:HeapBaseMinAddress
#     to set the Java Heap base and to place the Java Heap above 4GB virtual address.
# This output file may be truncated or incomplete.
#
#  Out of Memory Error (arena.cpp:197), pid=24496, tid=4372
#
# JRE version: OpenJDK Runtime Environment Corretto-11.0.20.9.1 (11.0.20.1+9) (build 11.0.20.1+9-LTS)
# Java VM: OpenJDK 64-Bit Server VM Corretto-11.0.20.9.1 (11.0.20.1+9-LTS, mixed mode, tiered, compressed oops, g1 gc, windows-amd64)
# No core dump will be written. Minidumps are not enabled by default on client versions of Windows
#

---------------  S U M M A R Y ------------

Command Line: --add-opens=java.base/java.util=ALL-UNNAMED --add-opens=java.base/java.lang=ALL-UNNAMED --add-opens=java.base/java.lang.invoke=ALL-UNNAMED --add-opens=java.base/java.util=ALL-UNNAMED --add-opens=java.prefs/java.util.prefs=ALL-UNNAMED --add-opens=java.prefs/java.util.prefs=ALL-UNNAMED --add-opens=java.base/java.nio.charset=ALL-UNNAMED --add-opens=java.base/java.net=ALL-UNNAMED --add-opens=java.base/java.util.concurrent.atomic=ALL-UNNAMED -Xmx1536m -Dfile.encoding=UTF-8 -Duser.country=RU -Duser.language=ru -Duser.variant org.gradle.launcher.daemon.bootstrap.GradleDaemon 7.5

Host: AMD Ryzen 5 3550H with Radeon Vega Mobile Gfx  , 8 cores, 5G,  Windows 11 , 64 bit Build 26100 (10.0.26100.3912)
Time: Fri May 30 12:51:20 2025  Windows 11 , 64 bit Build 26100 (10.0.26100.3912) elapsed time: 72.763819 seconds (0d 0h 1m 12s)

---------------  T H R E A D  ---------------

Current thread (0x0000021e05847000):  JavaThread "C2 CompilerThread0" daemon [_thread_in_native, id=4372, stack(0x00000092e4000000,0x00000092e4100000)]


Current CompileTask:
C2:  72763 7083   !   4       jdk.internal.loader.Resource::getBytes (242 bytes)

Stack: [0x00000092e4000000,0x00000092e4100000]
Native frames: (J=compiled Java code, j=interpreted, Vv=VM code, C=native code)
V  [jvm.dll+0x62418a]
V  [jvm.dll+0x7b1d69]
V  [jvm.dll+0x7b3458]
V  [jvm.dll+0x7b3b33]
V  [jvm.dll+0x250148]
V  [jvm.dll+0xc264c]
V  [jvm.dll+0xc2c0c]
V  [jvm.dll+0x35cf62]
V  [jvm.dll+0x19edf9]
V  [jvm.dll+0x209685]
V  [jvm.dll+0x2086fd]
V  [jvm.dll+0x18a6b1]
V  [jvm.dll+0x217da4]
V  [jvm.dll+0x215feb]
V  [jvm.dll+0x774840]
V  [jvm.dll+0x76d634]
V  [jvm.dll+0x622ff5]
C  [ucrtbase.dll+0x37b0]
C  [KERNEL32.DLL+0x2e8d7]
C  [ntdll.dll+0x9c5dc]


---------------  P R O C E S S  ---------------

Threads class SMR info:
_java_thread_list=0x0000021e0d9f8980, length=122, elements={
0x0000021e67214800, 0x0000021e05821000, 0x0000021e05823000, 0x0000021e061c2800,
0x0000021e061c3800, 0x0000021e05846000, 0x0000021e05847000, 0x0000021e0585a800,
0x0000021e0585d800, 0x0000021e062d1000, 0x0000021e073bc000, 0x0000021e08384800,
0x0000021e07421000, 0x0000021e0842f000, 0x0000021e07cf2800, 0x0000021e07928800,
0x0000021e079e1000, 0x0000021e07cd6800, 0x0000021e066a7800, 0x0000021e083f4800,
0x0000021e0702b800, 0x0000021e0702e000, 0x0000021e0702d000, 0x0000021e0702f000,
0x0000021e0702c800, 0x0000021e07031800, 0x0000021e07030800, 0x0000021e0702f800,
0x0000021e07032000, 0x0000021e09432800, 0x0000021e09430800, 0x0000021e09433800,
0x0000021e09431000, 0x0000021e09434800, 0x0000021e09432000, 0x0000021e09437800,
0x0000021e09436000, 0x0000021e09435000, 0x0000021e09439800, 0x0000021e0943a000,
0x0000021e0943f000, 0x0000021e0943d800, 0x0000021e0943e000, 0x0000021e087b9000,
0x0000021e087ba000, 0x0000021e087b7800, 0x0000021e087ba800, 0x0000021e087b8800,
0x0000021e087bd000, 0x0000021e087bb800, 0x0000021e087bf000, 0x0000021e087be000,
0x0000021e087bc800, 0x0000021e087bf800, 0x0000021e087c3000, 0x0000021e087c2000,
0x0000021e087c0800, 0x0000021e087c3800, 0x0000021e087c1800, 0x0000021e087c5800,
0x0000021e087c6000, 0x0000021e087c4800, 0x0000021e0c658000, 0x0000021e0c655800,
0x0000021e0c656800, 0x0000021e0c659000, 0x0000021e0c65a000, 0x0000021e0c657800,
0x0000021e0c65d000, 0x0000021e0c65a800, 0x0000021e0c65c800, 0x0000021e0c65e000,
0x0000021e0c65b800, 0x0000021e0c660800, 0x0000021e0c65e800, 0x0000021e0c661000,
0x0000021e0c662000, 0x0000021e0c65f800, 0x0000021e0c664800, 0x0000021e0c663000,
0x0000021e0c663800, 0x0000021e096aa000, 0x0000021e096ac800, 0x0000021e096ad800,
0x0000021e096ab000, 0x0000021e096ae800, 0x0000021e096ac000, 0x0000021e096af000,
0x0000021e096b2800, 0x0000021e096b0000, 0x0000021e096b1800, 0x0000021e096b3000,
0x0000021e096b0800, 0x0000021e096b4000, 0x0000021e096b5800, 0x0000021e096b5000,
0x0000021e096b7000, 0x0000021e096b9000, 0x0000021e096b6800, 0x0000021e096b8000,
0x0000021e077e1800, 0x0000021e077e4000, 0x0000021e077e4800, 0x0000021e077e2000,
0x0000021e077e5800, 0x0000021e077e3000, 0x0000021e077e7000, 0x0000021e077e9000,
0x0000021e077e6800, 0x0000021e077e9800, 0x0000021e077ea800, 0x0000021e077e8000,
0x0000021e077ed000, 0x0000021e077ed800, 0x0000021e077eb000, 0x0000021e077ee800,
0x0000021e077ec000, 0x0000021e077ef800, 0x0000021e077f0000, 0x0000021e0a3e4000,
0x0000021e0a3e5000, 0x0000021e08bd3000
}

Java Threads: ( => current thread )
  0x0000021e67214800 JavaThread "main" [_thread_blocked, id=16356, stack(0x00000092e3400000,0x00000092e3500000)]
  0x0000021e05821000 JavaThread "Reference Handler" daemon [_thread_blocked, id=24300, stack(0x00000092e3b00000,0x00000092e3c00000)]
  0x0000021e05823000 JavaThread "Finalizer" daemon [_thread_blocked, id=23364, stack(0x00000092e3c00000,0x00000092e3d00000)]
  0x0000021e061c2800 JavaThread "Signal Dispatcher" daemon [_thread_blocked, id=4376, stack(0x00000092e3d00000,0x00000092e3e00000)]
  0x0000021e061c3800 JavaThread "Attach Listener" daemon [_thread_blocked, id=11672, stack(0x00000092e3e00000,0x00000092e3f00000)]
  0x0000021e05846000 JavaThread "Service Thread" daemon [_thread_blocked, id=21856, stack(0x00000092e3f00000,0x00000092e4000000)]
=>0x0000021e05847000 JavaThread "C2 CompilerThread0" daemon [_thread_in_native, id=4372, stack(0x00000092e4000000,0x00000092e4100000)]
  0x0000021e0585a800 JavaThread "C1 CompilerThread0" daemon [_thread_blocked, id=13276, stack(0x00000092e4100000,0x00000092e4200000)]
  0x0000021e0585d800 JavaThread "Sweeper thread" daemon [_thread_blocked, id=4896, stack(0x00000092e4200000,0x00000092e4300000)]
  0x0000021e062d1000 JavaThread "Common-Cleaner" daemon [_thread_blocked, id=2296, stack(0x00000092e4300000,0x00000092e4400000)]
  0x0000021e073bc000 JavaThread "Daemon health stats" [_thread_blocked, id=7448, stack(0x00000092e4700000,0x00000092e4800000)]
  0x0000021e08384800 JavaThread "Incoming local TCP Connector on port 53362" [_thread_in_native, id=22732, stack(0x00000092e4600000,0x00000092e4700000)]
  0x0000021e07421000 JavaThread "Daemon periodic checks" [_thread_blocked, id=21908, stack(0x00000092e4800000,0x00000092e4900000)]
  0x0000021e0842f000 JavaThread "Daemon" [_thread_blocked, id=16844, stack(0x00000092e4900000,0x00000092e4a00000)]
  0x0000021e07cf2800 JavaThread "Handler for socket connection from /127.0.0.1:53362 to /127.0.0.1:53369" [_thread_in_native, id=24028, stack(0x00000092e4a00000,0x00000092e4b00000)]
  0x0000021e07928800 JavaThread "Cancel handler" [_thread_blocked, id=22052, stack(0x00000092e4b00000,0x00000092e4c00000)]
  0x0000021e079e1000 JavaThread "Daemon worker" [_thread_in_native, id=3916, stack(0x00000092e5200000,0x00000092e5300000)]
  0x0000021e07cd6800 JavaThread "Asynchronous log dispatcher for DefaultDaemonConnection: socket connection from /127.0.0.1:53362 to /127.0.0.1:53369" [_thread_blocked, id=7208, stack(0x00000092e5300000,0x00000092e5400000)]
  0x0000021e066a7800 JavaThread "Stdin handler" [_thread_blocked, id=21916, stack(0x00000092e5400000,0x00000092e5500000)]
  0x0000021e083f4800 JavaThread "Daemon client event forwarder" [_thread_blocked, id=4176, stack(0x00000092e5500000,0x00000092e5600000)]
  0x0000021e0702b800 JavaThread "Cache worker for journal cache (C:\Users\Admin\.gradle\caches\journal-1)" [_thread_blocked, id=19576, stack(0x00000092e5600000,0x00000092e5700000)]
  0x0000021e0702e000 JavaThread "File lock request listener" [_thread_in_native, id=3272, stack(0x00000092e5700000,0x00000092e5800000)]
  0x0000021e0702d000 JavaThread "Cache worker for file hash cache (C:\Users\Admin\.gradle\caches\7.5\fileHashes)" [_thread_blocked, id=19944, stack(0x00000092e5800000,0x00000092e5900000)]
  0x0000021e0702f000 JavaThread "File watcher server" daemon [_thread_in_native, id=22740, stack(0x00000092e5900000,0x00000092e5a00000)]
  0x0000021e0702c800 JavaThread "File watcher consumer" daemon [_thread_blocked, id=14968, stack(0x00000092e5a00000,0x00000092e5b00000)]
  0x0000021e07031800 JavaThread "jar transforms" [_thread_blocked, id=21836, stack(0x00000092e5b00000,0x00000092e5c00000)]
  0x0000021e07030800 JavaThread "jar transforms Thread 2" [_thread_blocked, id=15992, stack(0x00000092e5c00000,0x00000092e5d00000)]
  0x0000021e0702f800 JavaThread "jar transforms Thread 3" [_thread_blocked, id=19664, stack(0x00000092e5d00000,0x00000092e5e00000)]
  0x0000021e07032000 JavaThread "jar transforms Thread 4" [_thread_blocked, id=21344, stack(0x00000092e5e00000,0x00000092e5f00000)]
  0x0000021e09432800 JavaThread "jar transforms Thread 5" [_thread_blocked, id=21308, stack(0x00000092e5f00000,0x00000092e6000000)]
  0x0000021e09430800 JavaThread "jar transforms Thread 6" [_thread_blocked, id=3940, stack(0x00000092e6000000,0x00000092e6100000)]
  0x0000021e09433800 JavaThread "jar transforms Thread 7" [_thread_blocked, id=18692, stack(0x00000092e6100000,0x00000092e6200000)]
  0x0000021e09431000 JavaThread "jar transforms Thread 8" [_thread_blocked, id=20748, stack(0x00000092e6200000,0x00000092e6300000)]
  0x0000021e09434800 JavaThread "Cache worker for checksums cache (C:\Users\Admin\Desktop\LogiPro2\Transportation-Management-System\Drivers-Android-App\.gradle\7.5\checksums)" [_thread_blocked, id=20496, stack(0x00000092e6500000,0x00000092e6600000)]
  0x0000021e09432000 JavaThread "Cache worker for cache directory md-rule (C:\Users\Admin\.gradle\caches\7.5\md-rule)" [_thread_blocked, id=16660, stack(0x00000092e6600000,0x00000092e6700000)]
  0x0000021e09437800 JavaThread "Cache worker for file content cache (C:\Users\Admin\.gradle\caches\7.5\fileContent)" [_thread_blocked, id=6748, stack(0x00000092e6700000,0x00000092e6800000)]
  0x0000021e09436000 JavaThread "Cache worker for file hash cache (C:\Users\Admin\Desktop\LogiPro2\Transportation-Management-System\Drivers-Android-App\.gradle\7.5\fileHashes)" [_thread_blocked, id=14048, stack(0x00000092e6800000,0x00000092e6900000)]
  0x0000021e09435000 JavaThread "Cache worker for cache directory md-supplier (C:\Users\Admin\.gradle\caches\7.5\md-supplier)" [_thread_blocked, id=8312, stack(0x00000092e6900000,0x00000092e6a00000)]
  0x0000021e09439800 JavaThread "Cache worker for execution history cache (C:\Users\Admin\.gradle\caches\7.5\executionHistory)" [_thread_blocked, id=6920, stack(0x00000092e6a00000,0x00000092e6b00000)]
  0x0000021e0943a000 JavaThread "Cache worker for dependencies-accessors (C:\Users\Admin\Desktop\LogiPro2\Transportation-Management-System\Drivers-Android-App\.gradle\7.5\dependencies-accessors)" [_thread_blocked, id=21712, stack(0x00000092e6b00000,0x00000092e6c00000)]
  0x0000021e0943f000 JavaThread "Cache worker for Build Output Cleanup Cache (C:\Users\Admin\Desktop\LogiPro2\Transportation-Management-System\Drivers-Android-App\.gradle\buildOutputCleanup)" [_thread_blocked, id=1840, stack(0x00000092e3200000,0x00000092e3300000)]
  0x0000021e0943d800 JavaThread "Unconstrained build operations" [_thread_blocked, id=6580, stack(0x00000092e3300000,0x00000092e3400000)]
  0x0000021e0943e000 JavaThread "Unconstrained build operations Thread 2" [_thread_blocked, id=11052, stack(0x00000092e6c00000,0x00000092e6d00000)]
  0x0000021e087b9000 JavaThread "Unconstrained build operations Thread 3" [_thread_blocked, id=22340, stack(0x00000092e6d00000,0x00000092e6e00000)]
  0x0000021e087ba000 JavaThread "Unconstrained build operations Thread 4" [_thread_blocked, id=352, stack(0x00000092e6e00000,0x00000092e6f00000)]
  0x0000021e087b7800 JavaThread "Unconstrained build operations Thread 5" [_thread_blocked, id=19564, stack(0x00000092e6f00000,0x00000092e7000000)]
  0x0000021e087ba800 JavaThread "Unconstrained build operations Thread 6" [_thread_blocked, id=9968, stack(0x00000092e7000000,0x00000092e7100000)]
  0x0000021e087b8800 JavaThread "Unconstrained build operations Thread 7" [_thread_blocked, id=12560, stack(0x00000092e7100000,0x00000092e7200000)]
  0x0000021e087bd000 JavaThread "Unconstrained build operations Thread 8" [_thread_blocked, id=15332, stack(0x00000092e7200000,0x00000092e7300000)]
  0x0000021e087bb800 JavaThread "Unconstrained build operations Thread 9" [_thread_blocked, id=17380, stack(0x00000092e7300000,0x00000092e7400000)]
  0x0000021e087bf000 JavaThread "Unconstrained build operations Thread 10" [_thread_blocked, id=21748, stack(0x00000092e7400000,0x00000092e7500000)]
  0x0000021e087be000 JavaThread "Unconstrained build operations Thread 11" [_thread_blocked, id=24192, stack(0x00000092e7500000,0x00000092e7600000)]
  0x0000021e087bc800 JavaThread "Unconstrained build operations Thread 12" [_thread_blocked, id=9920, stack(0x00000092e7600000,0x00000092e7700000)]
  0x0000021e087bf800 JavaThread "Unconstrained build operations Thread 13" [_thread_blocked, id=8548, stack(0x00000092e7700000,0x00000092e7800000)]
  0x0000021e087c3000 JavaThread "Unconstrained build operations Thread 14" [_thread_blocked, id=23640, stack(0x00000092e7800000,0x00000092e7900000)]
  0x0000021e087c2000 JavaThread "Unconstrained build operations Thread 15" [_thread_blocked, id=10396, stack(0x00000092e7900000,0x00000092e7a00000)]
  0x0000021e087c0800 JavaThread "Unconstrained build operations Thread 16" [_thread_blocked, id=10364, stack(0x00000092e7a00000,0x00000092e7b00000)]
  0x0000021e087c3800 JavaThread "Unconstrained build operations Thread 17" [_thread_blocked, id=12092, stack(0x00000092e7b00000,0x00000092e7c00000)]
  0x0000021e087c1800 JavaThread "Unconstrained build operations Thread 18" [_thread_blocked, id=19572, stack(0x00000092e7c00000,0x00000092e7d00000)]
  0x0000021e087c5800 JavaThread "Unconstrained build operations Thread 19" [_thread_blocked, id=13324, stack(0x00000092e7d00000,0x00000092e7e00000)]
  0x0000021e087c6000 JavaThread "Unconstrained build operations Thread 20" [_thread_blocked, id=22524, stack(0x00000092e7e00000,0x00000092e7f00000)]
  0x0000021e087c4800 JavaThread "Unconstrained build operations Thread 21" [_thread_blocked, id=7896, stack(0x00000092e7f00000,0x00000092e8000000)]
  0x0000021e0c658000 JavaThread "Unconstrained build operations Thread 22" [_thread_blocked, id=24328, stack(0x00000092e8000000,0x00000092e8100000)]
  0x0000021e0c655800 JavaThread "Unconstrained build operations Thread 23" [_thread_blocked, id=24316, stack(0x00000092e8100000,0x00000092e8200000)]
  0x0000021e0c656800 JavaThread "Unconstrained build operations Thread 24" [_thread_blocked, id=20712, stack(0x00000092e8200000,0x00000092e8300000)]
  0x0000021e0c659000 JavaThread "Unconstrained build operations Thread 25" [_thread_blocked, id=21588, stack(0x00000092e8300000,0x00000092e8400000)]
  0x0000021e0c65a000 JavaThread "Unconstrained build operations Thread 26" [_thread_blocked, id=19320, stack(0x00000092e8400000,0x00000092e8500000)]
  0x0000021e0c657800 JavaThread "Unconstrained build operations Thread 27" [_thread_blocked, id=14412, stack(0x00000092e8500000,0x00000092e8600000)]
  0x0000021e0c65d000 JavaThread "Unconstrained build operations Thread 28" [_thread_blocked, id=7592, stack(0x00000092e8600000,0x00000092e8700000)]
  0x0000021e0c65a800 JavaThread "Unconstrained build operations Thread 29" [_thread_blocked, id=20744, stack(0x00000092e8700000,0x00000092e8800000)]
  0x0000021e0c65c800 JavaThread "Unconstrained build operations Thread 30" [_thread_blocked, id=17708, stack(0x00000092e8800000,0x00000092e8900000)]
  0x0000021e0c65e000 JavaThread "Unconstrained build operations Thread 31" [_thread_blocked, id=21632, stack(0x00000092e8900000,0x00000092e8a00000)]
  0x0000021e0c65b800 JavaThread "Unconstrained build operations Thread 32" [_thread_blocked, id=5452, stack(0x00000092e8a00000,0x00000092e8b00000)]
  0x0000021e0c660800 JavaThread "Unconstrained build operations Thread 33" [_thread_blocked, id=22788, stack(0x00000092e8b00000,0x00000092e8c00000)]
  0x0000021e0c65e800 JavaThread "Unconstrained build operations Thread 34" [_thread_blocked, id=10932, stack(0x00000092e8c00000,0x00000092e8d00000)]
  0x0000021e0c661000 JavaThread "Unconstrained build operations Thread 35" [_thread_blocked, id=23040, stack(0x00000092e8d00000,0x00000092e8e00000)]
  0x0000021e0c662000 JavaThread "Unconstrained build operations Thread 36" [_thread_blocked, id=22108, stack(0x00000092e8e00000,0x00000092e8f00000)]
  0x0000021e0c65f800 JavaThread "Unconstrained build operations Thread 37" [_thread_blocked, id=3488, stack(0x00000092e8f00000,0x00000092e9000000)]
  0x0000021e0c664800 JavaThread "Unconstrained build operations Thread 38" [_thread_blocked, id=8884, stack(0x00000092e9000000,0x00000092e9100000)]
  0x0000021e0c663000 JavaThread "Unconstrained build operations Thread 39" [_thread_blocked, id=2880, stack(0x00000092e9100000,0x00000092e9200000)]
  0x0000021e0c663800 JavaThread "Unconstrained build operations Thread 40" [_thread_blocked, id=23440, stack(0x00000092e9200000,0x00000092e9300000)]
  0x0000021e096aa000 JavaThread "Unconstrained build operations Thread 41" [_thread_blocked, id=18288, stack(0x00000092e9300000,0x00000092e9400000)]
  0x0000021e096ac800 JavaThread "Unconstrained build operations Thread 42" [_thread_blocked, id=11928, stack(0x00000092e9400000,0x00000092e9500000)]
  0x0000021e096ad800 JavaThread "Unconstrained build operations Thread 43" [_thread_blocked, id=24324, stack(0x00000092e9500000,0x00000092e9600000)]
  0x0000021e096ab000 JavaThread "Unconstrained build operations Thread 44" [_thread_blocked, id=4960, stack(0x00000092e9600000,0x00000092e9700000)]
  0x0000021e096ae800 JavaThread "Unconstrained build operations Thread 45" [_thread_blocked, id=11404, stack(0x00000092e9700000,0x00000092e9800000)]
  0x0000021e096ac000 JavaThread "Unconstrained build operations Thread 46" [_thread_blocked, id=1352, stack(0x00000092e9800000,0x00000092e9900000)]
  0x0000021e096af000 JavaThread "Unconstrained build operations Thread 47" [_thread_blocked, id=8560, stack(0x00000092e9900000,0x00000092e9a00000)]
  0x0000021e096b2800 JavaThread "Unconstrained build operations Thread 48" [_thread_blocked, id=21692, stack(0x00000092e9a00000,0x00000092e9b00000)]
  0x0000021e096b0000 JavaThread "Unconstrained build operations Thread 49" [_thread_blocked, id=2152, stack(0x00000092e9b00000,0x00000092e9c00000)]
  0x0000021e096b1800 JavaThread "Unconstrained build operations Thread 50" [_thread_blocked, id=20548, stack(0x00000092e9c00000,0x00000092e9d00000)]
  0x0000021e096b3000 JavaThread "Unconstrained build operations Thread 51" [_thread_blocked, id=2028, stack(0x00000092e9d00000,0x00000092e9e00000)]
  0x0000021e096b0800 JavaThread "Unconstrained build operations Thread 52" [_thread_blocked, id=16168, stack(0x00000092e9e00000,0x00000092e9f00000)]
  0x0000021e096b4000 JavaThread "Unconstrained build operations Thread 53" [_thread_blocked, id=8680, stack(0x00000092e9f00000,0x00000092ea000000)]
  0x0000021e096b5800 JavaThread "Unconstrained build operations Thread 54" [_thread_blocked, id=15576, stack(0x00000092ea000000,0x00000092ea100000)]
  0x0000021e096b5000 JavaThread "Unconstrained build operations Thread 55" [_thread_blocked, id=3292, stack(0x00000092ea100000,0x00000092ea200000)]
  0x0000021e096b7000 JavaThread "Unconstrained build operations Thread 56" [_thread_blocked, id=12044, stack(0x00000092ea200000,0x00000092ea300000)]
  0x0000021e096b9000 JavaThread "Unconstrained build operations Thread 57" [_thread_blocked, id=22216, stack(0x00000092ea300000,0x00000092ea400000)]
  0x0000021e096b6800 JavaThread "Unconstrained build operations Thread 58" [_thread_blocked, id=800, stack(0x00000092ea400000,0x00000092ea500000)]
  0x0000021e096b8000 JavaThread "Unconstrained build operations Thread 59" [_thread_blocked, id=23236, stack(0x00000092ea500000,0x00000092ea600000)]
  0x0000021e077e1800 JavaThread "Unconstrained build operations Thread 60" [_thread_blocked, id=18916, stack(0x00000092ea600000,0x00000092ea700000)]
  0x0000021e077e4000 JavaThread "Unconstrained build operations Thread 61" [_thread_blocked, id=5316, stack(0x00000092ea700000,0x00000092ea800000)]
  0x0000021e077e4800 JavaThread "Unconstrained build operations Thread 62" [_thread_blocked, id=16752, stack(0x00000092ea800000,0x00000092ea900000)]
  0x0000021e077e2000 JavaThread "Unconstrained build operations Thread 63" [_thread_blocked, id=13932, stack(0x00000092ea900000,0x00000092eaa00000)]
  0x0000021e077e5800 JavaThread "Unconstrained build operations Thread 64" [_thread_blocked, id=7096, stack(0x00000092eaa00000,0x00000092eab00000)]
  0x0000021e077e3000 JavaThread "Unconstrained build operations Thread 65" [_thread_blocked, id=316, stack(0x00000092eab00000,0x00000092eac00000)]
  0x0000021e077e7000 JavaThread "Unconstrained build operations Thread 66" [_thread_blocked, id=6764, stack(0x00000092eac00000,0x00000092ead00000)]
  0x0000021e077e9000 JavaThread "Unconstrained build operations Thread 67" [_thread_blocked, id=17196, stack(0x00000092ead00000,0x00000092eae00000)]
  0x0000021e077e6800 JavaThread "Unconstrained build operations Thread 68" [_thread_blocked, id=19252, stack(0x00000092eae00000,0x00000092eaf00000)]
  0x0000021e077e9800 JavaThread "Unconstrained build operations Thread 69" [_thread_blocked, id=17712, stack(0x00000092eaf00000,0x00000092eb000000)]
  0x0000021e077ea800 JavaThread "Unconstrained build operations Thread 70" [_thread_blocked, id=5404, stack(0x00000092eb000000,0x00000092eb100000)]
  0x0000021e077e8000 JavaThread "Unconstrained build operations Thread 71" [_thread_blocked, id=24440, stack(0x00000092eb100000,0x00000092eb200000)]
  0x0000021e077ed000 JavaThread "Unconstrained build operations Thread 72" [_thread_blocked, id=21220, stack(0x00000092eb200000,0x00000092eb300000)]
  0x0000021e077ed800 JavaThread "Unconstrained build operations Thread 73" [_thread_blocked, id=12808, stack(0x00000092eb300000,0x00000092eb400000)]
  0x0000021e077eb000 JavaThread "Unconstrained build operations Thread 74" [_thread_blocked, id=21152, stack(0x00000092eb400000,0x00000092eb500000)]
  0x0000021e077ee800 JavaThread "Unconstrained build operations Thread 75" [_thread_blocked, id=23992, stack(0x00000092eb500000,0x00000092eb600000)]
  0x0000021e077ec000 JavaThread "Unconstrained build operations Thread 76" [_thread_blocked, id=10044, stack(0x00000092eb600000,0x00000092eb700000)]
  0x0000021e077ef800 JavaThread "Unconstrained build operations Thread 77" [_thread_blocked, id=18592, stack(0x00000092eb700000,0x00000092eb800000)]
  0x0000021e077f0000 JavaThread "Unconstrained build operations Thread 78" [_thread_blocked, id=11516, stack(0x00000092eb800000,0x00000092eb900000)]
  0x0000021e0a3e4000 JavaThread "Unconstrained build operations Thread 79" [_thread_blocked, id=13140, stack(0x00000092eb900000,0x00000092eba00000)]
  0x0000021e0a3e5000 JavaThread "Unconstrained build operations Thread 80" [_thread_blocked, id=23024, stack(0x00000092eba00000,0x00000092ebb00000)]
  0x0000021e08bd3000 JavaThread "C2 CompilerThread1" daemon [_thread_blocked, id=7792, stack(0x00000092ebb00000,0x00000092ebc00000)]

Other Threads:
  0x0000021e057fb800 VMThread "VM Thread" [stack: 0x00000092e3a00000,0x00000092e3b00000] [id=20468]
  0x0000021e0635d000 WatcherThread [stack: 0x00000092e4400000,0x00000092e4500000] [id=21448]
  0x0000021e6722e000 GCTaskThread "GC Thread#0" [stack: 0x00000092e3500000,0x00000092e3600000] [id=12156]
  0x0000021e06d47800 GCTaskThread "GC Thread#1" [stack: 0x00000092e4500000,0x00000092e4600000] [id=696]
  0x0000021e06f77800 GCTaskThread "GC Thread#2" [stack: 0x00000092e4c00000,0x00000092e4d00000] [id=24180]
  0x0000021e06f78000 GCTaskThread "GC Thread#3" [stack: 0x00000092e4d00000,0x00000092e4e00000] [id=16188]
  0x0000021e08355800 GCTaskThread "GC Thread#4" [stack: 0x00000092e4e00000,0x00000092e4f00000] [id=6864]
  0x0000021e08356000 GCTaskThread "GC Thread#5" [stack: 0x00000092e4f00000,0x00000092e5000000] [id=13988]
  0x0000021e079eb000 GCTaskThread "GC Thread#6" [stack: 0x00000092e5000000,0x00000092e5100000] [id=6768]
  0x0000021e07907800 GCTaskThread "GC Thread#7" [stack: 0x00000092e5100000,0x00000092e5200000] [id=17256]
  0x0000021e67256800 ConcurrentGCThread "G1 Main Marker" [stack: 0x00000092e3600000,0x00000092e3700000] [id=22496]
  0x0000021e6725e000 ConcurrentGCThread "G1 Conc#0" [stack: 0x00000092e3700000,0x00000092e3800000] [id=22160]
  0x0000021e0703a800 ConcurrentGCThread "G1 Conc#1" [stack: 0x00000092e3100000,0x00000092e3200000] [id=22940]
  0x0000021e67256000 ConcurrentGCThread "G1 Refine#0" [stack: 0x00000092e3800000,0x00000092e3900000] [id=14012]
  0x0000021e672d6000 ConcurrentGCThread "G1 Young RemSet Sampling" [stack: 0x00000092e3900000,0x00000092e3a00000] [id=17096]

Threads with active compile tasks:
C2 CompilerThread0    72824 7083   !   4       jdk.internal.loader.Resource::getBytes (242 bytes)

VM state:not at safepoint (normal execution)

VM Mutex/Monitor currently owned by a thread: None

Heap address: 0x00000000a0000000, size: 1536 MB, Compressed Oops mode: 32-bit
Narrow klass base: 0x0000000000000000, Narrow klass shift: 3
Compressed class space size: 1073741824 Address: 0x0000000100000000

Heap:
 garbage-first heap   total 98304K, used 73351K [0x00000000a0000000, 0x0000000100000000)
  region size 1024K, 2 young (2048K), 1 survivors (1024K)
 Metaspace       used 58462K, capacity 60346K, committed 60592K, reserved 1101824K
  class space    used 7440K, capacity 8073K, committed 8192K, reserved 1048576K
Heap Regions: E=young(eden), S=young(survivor), O=old, HS=humongous(starts), HC=humongous(continues), CS=collection set, F=free, A=archive, TAMS=top-at-mark-start (previous, next)
|   0|0x00000000a0000000, 0x00000000a0100000, 0x00000000a0100000|100%| O|  |TAMS 0x00000000a0100000, 0x00000000a0100000| Untracked 
|   1|0x00000000a0100000, 0x00000000a0200000, 0x00000000a0200000|100%| O|  |TAMS 0x00000000a0200000, 0x00000000a0200000| Untracked 
|   2|0x00000000a0200000, 0x00000000a0300000, 0x00000000a0300000|100%| O|  |TAMS 0x00000000a0300000, 0x00000000a0300000| Untracked 
|   3|0x00000000a0300000, 0x00000000a0400000, 0x00000000a0400000|100%|HS|  |TAMS 0x00000000a0400000, 0x00000000a0400000| Complete 
|   4|0x00000000a0400000, 0x00000000a0500000, 0x00000000a0500000|100%|HC|  |TAMS 0x00000000a0500000, 0x00000000a0500000| Complete 
|   5|0x00000000a0500000, 0x00000000a0600000, 0x00000000a0600000|100%|HC|  |TAMS 0x00000000a0600000, 0x00000000a0600000| Complete 
|   6|0x00000000a0600000, 0x00000000a0700000, 0x00000000a0700000|100%| O|  |TAMS 0x00000000a0700000, 0x00000000a0700000| Untracked 
|   7|0x00000000a0700000, 0x00000000a0800000, 0x00000000a0800000|100%| O|  |TAMS 0x00000000a0800000, 0x00000000a0800000| Untracked 
|   8|0x00000000a0800000, 0x00000000a0900000, 0x00000000a0900000|100%| O|  |TAMS 0x00000000a0900000, 0x00000000a0900000| Untracked 
|   9|0x00000000a0900000, 0x00000000a0a00000, 0x00000000a0a00000|100%| O|  |TAMS 0x00000000a0a00000, 0x00000000a0a00000| Untracked 
|  10|0x00000000a0a00000, 0x00000000a0b00000, 0x00000000a0b00000|100%| O|  |TAMS 0x00000000a0b00000, 0x00000000a0b00000| Untracked 
|  11|0x00000000a0b00000, 0x00000000a0c00000, 0x00000000a0c00000|100%| O|  |TAMS 0x00000000a0c00000, 0x00000000a0c00000| Untracked 
|  12|0x00000000a0c00000, 0x00000000a0d00000, 0x00000000a0d00000|100%| O|  |TAMS 0x00000000a0d00000, 0x00000000a0d00000| Untracked 
|  13|0x00000000a0d00000, 0x00000000a0e00000, 0x00000000a0e00000|100%| O|  |TAMS 0x00000000a0e00000, 0x00000000a0e00000| Untracked 
|  14|0x00000000a0e00000, 0x00000000a0f00000, 0x00000000a0f00000|100%| O|  |TAMS 0x00000000a0f00000, 0x00000000a0f00000| Untracked 
|  15|0x00000000a0f00000, 0x00000000a1000000, 0x00000000a1000000|100%| O|  |TAMS 0x00000000a1000000, 0x00000000a1000000| Untracked 
|  16|0x00000000a1000000, 0x00000000a1100000, 0x00000000a1100000|100%| O|  |TAMS 0x00000000a1100000, 0x00000000a1100000| Untracked 
|  17|0x00000000a1100000, 0x00000000a1200000, 0x00000000a1200000|100%|HS|  |TAMS 0x00000000a1200000, 0x00000000a1200000| Complete 
|  18|0x00000000a1200000, 0x00000000a1300000, 0x00000000a1300000|100%|HC|  |TAMS 0x00000000a1300000, 0x00000000a1300000| Complete 
|  19|0x00000000a1300000, 0x00000000a1400000, 0x00000000a1400000|100%|HC|  |TAMS 0x00000000a1400000, 0x00000000a1400000| Complete 
|  20|0x00000000a1400000, 0x00000000a1500000, 0x00000000a1500000|100%|HC|  |TAMS 0x00000000a1500000, 0x00000000a1500000| Complete 
|  21|0x00000000a1500000, 0x00000000a1600000, 0x00000000a1600000|100%|HC|  |TAMS 0x00000000a1600000, 0x00000000a1600000| Complete 
|  22|0x00000000a1600000, 0x00000000a1700000, 0x00000000a1700000|100%|HC|  |TAMS 0x00000000a1700000, 0x00000000a1700000| Complete 
|  23|0x00000000a1700000, 0x00000000a1800000, 0x00000000a1800000|100%|HS|  |TAMS 0x00000000a1800000, 0x00000000a1800000| Complete 
|  24|0x00000000a1800000, 0x00000000a1900000, 0x00000000a1900000|100%|HC|  |TAMS 0x00000000a1900000, 0x00000000a1900000| Complete 
|  25|0x00000000a1900000, 0x00000000a1a00000, 0x00000000a1a00000|100%|HC|  |TAMS 0x00000000a1a00000, 0x00000000a1a00000| Complete 
|  26|0x00000000a1a00000, 0x00000000a1b00000, 0x00000000a1b00000|100%|HC|  |TAMS 0x00000000a1b00000, 0x00000000a1b00000| Complete 
|  27|0x00000000a1b00000, 0x00000000a1c00000, 0x00000000a1c00000|100%|HS|  |TAMS 0x00000000a1c00000, 0x00000000a1c00000| Complete 
|  28|0x00000000a1c00000, 0x00000000a1d00000, 0x00000000a1d00000|100%|HC|  |TAMS 0x00000000a1d00000, 0x00000000a1d00000| Complete 
|  29|0x00000000a1d00000, 0x00000000a1e00000, 0x00000000a1e00000|100%|HS|  |TAMS 0x00000000a1e00000, 0x00000000a1e00000| Complete 
|  30|0x00000000a1e00000, 0x00000000a1f00000, 0x00000000a1f00000|100%| O|  |TAMS 0x00000000a1f00000, 0x00000000a1f00000| Untracked 
|  31|0x00000000a1f00000, 0x00000000a2000000, 0x00000000a2000000|100%| O|  |TAMS 0x00000000a2000000, 0x00000000a2000000| Untracked 
|  32|0x00000000a2000000, 0x00000000a2100000, 0x00000000a2100000|100%| O|  |TAMS 0x00000000a2100000, 0x00000000a2100000| Untracked 
|  33|0x00000000a2100000, 0x00000000a2200000, 0x00000000a2200000|100%| O|  |TAMS 0x00000000a2200000, 0x00000000a2200000| Untracked 
|  34|0x00000000a2200000, 0x00000000a2300000, 0x00000000a2300000|100%| O|  |TAMS 0x00000000a2300000, 0x00000000a2300000| Untracked 
|  35|0x00000000a2300000, 0x00000000a2400000, 0x00000000a2400000|100%| O|  |TAMS 0x00000000a2400000, 0x00000000a2400000| Untracked 
|  36|0x00000000a2400000, 0x00000000a2500000, 0x00000000a2500000|100%| O|  |TAMS 0x00000000a2500000, 0x00000000a2500000| Untracked 
|  37|0x00000000a2500000, 0x00000000a2600000, 0x00000000a2600000|100%| O|  |TAMS 0x00000000a2600000, 0x00000000a2600000| Untracked 
|  38|0x00000000a2600000, 0x00000000a2700000, 0x00000000a2700000|100%|HS|  |TAMS 0x00000000a2700000, 0x00000000a2700000| Complete 
|  39|0x00000000a2700000, 0x00000000a2800000, 0x00000000a2800000|100%|HC|  |TAMS 0x00000000a2800000, 0x00000000a2800000| Complete 
|  40|0x00000000a2800000, 0x00000000a2900000, 0x00000000a2900000|100%| O|  |TAMS 0x00000000a2900000, 0x00000000a2900000| Untracked 
|  41|0x00000000a2900000, 0x00000000a2a00000, 0x00000000a2a00000|100%| O|  |TAMS 0x00000000a2a00000, 0x00000000a2a00000| Untracked 
|  42|0x00000000a2a00000, 0x00000000a2b00000, 0x00000000a2b00000|100%| O|  |TAMS 0x00000000a2b00000, 0x00000000a2b00000| Untracked 
|  43|0x00000000a2b00000, 0x00000000a2c00000, 0x00000000a2c00000|100%| O|  |TAMS 0x00000000a2c00000, 0x00000000a2c00000| Untracked 
|  44|0x00000000a2c00000, 0x00000000a2d00000, 0x00000000a2d00000|100%| O|  |TAMS 0x00000000a2d00000, 0x00000000a2d00000| Untracked 
|  45|0x00000000a2d00000, 0x00000000a2e00000, 0x00000000a2e00000|100%| O|  |TAMS 0x00000000a2e00000, 0x00000000a2e00000| Untracked 
|  46|0x00000000a2e00000, 0x00000000a2f00000, 0x00000000a2f00000|100%| O|  |TAMS 0x00000000a2f00000, 0x00000000a2f00000| Untracked 
|  47|0x00000000a2f00000, 0x00000000a3000000, 0x00000000a3000000|100%| O|  |TAMS 0x00000000a3000000, 0x00000000a3000000| Untracked 
|  48|0x00000000a3000000, 0x00000000a3100000, 0x00000000a3100000|100%| O|  |TAMS 0x00000000a3100000, 0x00000000a3100000| Untracked 
|  49|0x00000000a3100000, 0x00000000a3200000, 0x00000000a3200000|100%| O|  |TAMS 0x00000000a3200000, 0x00000000a3200000| Untracked 
|  50|0x00000000a3200000, 0x00000000a3300000, 0x00000000a3300000|100%| O|  |TAMS 0x00000000a3300000, 0x00000000a3300000| Untracked 
|  51|0x00000000a3300000, 0x00000000a3400000, 0x00000000a3400000|100%| O|  |TAMS 0x00000000a3400000, 0x00000000a3400000| Untracked 
|  52|0x00000000a3400000, 0x00000000a3500000, 0x00000000a3500000|100%|HS|  |TAMS 0x00000000a3500000, 0x00000000a3500000| Complete 
|  53|0x00000000a3500000, 0x00000000a3600000, 0x00000000a3600000|100%|HC|  |TAMS 0x00000000a3600000, 0x00000000a3600000| Complete 
|  54|0x00000000a3600000, 0x00000000a3700000, 0x00000000a3700000|100%|HC|  |TAMS 0x00000000a3700000, 0x00000000a3700000| Complete 
|  55|0x00000000a3700000, 0x00000000a3800000, 0x00000000a3800000|100%|HC|  |TAMS 0x00000000a3800000, 0x00000000a3800000| Complete 
|  56|0x00000000a3800000, 0x00000000a3900000, 0x00000000a3900000|100%|HC|  |TAMS 0x00000000a3900000, 0x00000000a3900000| Complete 
|  57|0x00000000a3900000, 0x00000000a3a00000, 0x00000000a3a00000|100%|HC|  |TAMS 0x00000000a3a00000, 0x00000000a3a00000| Complete 
|  58|0x00000000a3a00000, 0x00000000a3b00000, 0x00000000a3b00000|100%|HS|  |TAMS 0x00000000a3b00000, 0x00000000a3b00000| Complete 
|  59|0x00000000a3b00000, 0x00000000a3c00000, 0x00000000a3c00000|100%| O|  |TAMS 0x00000000a3c00000, 0x00000000a3c00000| Untracked 
|  60|0x00000000a3c00000, 0x00000000a3d00000, 0x00000000a3d00000|100%| O|  |TAMS 0x00000000a3d00000, 0x00000000a3d00000| Untracked 
|  61|0x00000000a3d00000, 0x00000000a3e00000, 0x00000000a3e00000|100%| O|  |TAMS 0x00000000a3e00000, 0x00000000a3e00000| Untracked 
|  62|0x00000000a3e00000, 0x00000000a3f00000, 0x00000000a3f00000|100%| O|  |TAMS 0x00000000a3f00000, 0x00000000a3f00000| Untracked 
|  63|0x00000000a3f00000, 0x00000000a4000000, 0x00000000a4000000|100%| O|  |TAMS 0x00000000a4000000, 0x00000000a4000000| Untracked 
|  64|0x00000000a4000000, 0x00000000a4100000, 0x00000000a4100000|100%| O|  |TAMS 0x00000000a4100000, 0x00000000a4100000| Untracked 
|  65|0x00000000a4100000, 0x00000000a4200000, 0x00000000a4200000|100%| O|  |TAMS 0x00000000a4200000, 0x00000000a4200000| Untracked 
|  66|0x00000000a4200000, 0x00000000a4300000, 0x00000000a4300000|100%| O|  |TAMS 0x00000000a42dfe00, 0x00000000a4300000| Untracked 
|  67|0x00000000a4300000, 0x00000000a4400000, 0x00000000a4400000|100%| O|  |TAMS 0x00000000a4300000, 0x00000000a4400000| Untracked 
|  68|0x00000000a4400000, 0x00000000a4500000, 0x00000000a4500000|100%| O|  |TAMS 0x00000000a4400000, 0x00000000a4500000| Untracked 
|  69|0x00000000a4500000, 0x00000000a45d5c00, 0x00000000a4600000| 83%| O|  |TAMS 0x00000000a4500000, 0x00000000a45d5c00| Untracked 
|  70|0x00000000a4600000, 0x00000000a4700000, 0x00000000a4700000|100%|HS|  |TAMS 0x00000000a4600000, 0x00000000a4600000| Complete 
|  71|0x00000000a4700000, 0x00000000a4700000, 0x00000000a4800000|  0%| F|  |TAMS 0x00000000a4700000, 0x00000000a4700000| Untracked 
|  72|0x00000000a4800000, 0x00000000a4800000, 0x00000000a4900000|  0%| F|  |TAMS 0x00000000a4800000, 0x00000000a4800000| Untracked 
|  73|0x00000000a4900000, 0x00000000a4900000, 0x00000000a4a00000|  0%| F|  |TAMS 0x00000000a4900000, 0x00000000a4900000| Untracked 
|  74|0x00000000a4a00000, 0x00000000a4a00000, 0x00000000a4b00000|  0%| F|  |TAMS 0x00000000a4a00000, 0x00000000a4a00000| Untracked 
|  75|0x00000000a4b00000, 0x00000000a4b00000, 0x00000000a4c00000|  0%| F|  |TAMS 0x00000000a4b00000, 0x00000000a4b00000| Untracked 
|  76|0x00000000a4c00000, 0x00000000a4c00000, 0x00000000a4d00000|  0%| F|  |TAMS 0x00000000a4c00000, 0x00000000a4c00000| Untracked 
|  77|0x00000000a4d00000, 0x00000000a4d00000, 0x00000000a4e00000|  0%| F|  |TAMS 0x00000000a4d00000, 0x00000000a4d00000| Untracked 
|  78|0x00000000a4e00000, 0x00000000a4e00000, 0x00000000a4f00000|  0%| F|  |TAMS 0x00000000a4e00000, 0x00000000a4e00000| Untracked 
|  79|0x00000000a4f00000, 0x00000000a4f00000, 0x00000000a5000000|  0%| F|  |TAMS 0x00000000a4f00000, 0x00000000a4f00000| Untracked 
|  80|0x00000000a5000000, 0x00000000a5000000, 0x00000000a5100000|  0%| F|  |TAMS 0x00000000a5000000, 0x00000000a5000000| Untracked 
|  81|0x00000000a5100000, 0x00000000a5100000, 0x00000000a5200000|  0%| F|  |TAMS 0x00000000a5100000, 0x00000000a5100000| Untracked 
|  82|0x00000000a5200000, 0x00000000a5200000, 0x00000000a5300000|  0%| F|  |TAMS 0x00000000a5200000, 0x00000000a5200000| Untracked 
|  83|0x00000000a5300000, 0x00000000a5300000, 0x00000000a5400000|  0%| F|  |TAMS 0x00000000a5300000, 0x00000000a5300000| Untracked 
|  84|0x00000000a5400000, 0x00000000a5400000, 0x00000000a5500000|  0%| F|  |TAMS 0x00000000a5400000, 0x00000000a5400000| Untracked 
|  85|0x00000000a5500000, 0x00000000a5500000, 0x00000000a5600000|  0%| F|  |TAMS 0x00000000a5500000, 0x00000000a5500000| Untracked 
|  86|0x00000000a5600000, 0x00000000a5600000, 0x00000000a5700000|  0%| F|  |TAMS 0x00000000a5600000, 0x00000000a5600000| Untracked 
|  87|0x00000000a5700000, 0x00000000a5700000, 0x00000000a5800000|  0%| F|  |TAMS 0x00000000a5700000, 0x00000000a5700000| Untracked 
|  88|0x00000000a5800000, 0x00000000a5800000, 0x00000000a5900000|  0%| F|  |TAMS 0x00000000a5800000, 0x00000000a5800000| Untracked 
|  89|0x00000000a5900000, 0x00000000a5900000, 0x00000000a5a00000|  0%| F|  |TAMS 0x00000000a5900000, 0x00000000a5900000| Untracked 
|  90|0x00000000a5a00000, 0x00000000a5acc2a0, 0x00000000a5b00000| 79%| S|CS|TAMS 0x00000000a5a00000, 0x00000000a5a00000| Complete 
|  91|0x00000000a5b00000, 0x00000000a5b00000, 0x00000000a5c00000|  0%| F|  |TAMS 0x00000000a5b00000, 0x00000000a5b00000| Untracked 
|  92|0x00000000a5c00000, 0x00000000a5c00000, 0x00000000a5d00000|  0%| F|  |TAMS 0x00000000a5c00000, 0x00000000a5c00000| Untracked 
|  93|0x00000000a5d00000, 0x00000000a5d00000, 0x00000000a5e00000|  0%| F|  |TAMS 0x00000000a5d00000, 0x00000000a5d00000| Untracked 
|  94|0x00000000a5e00000, 0x00000000a5e00000, 0x00000000a5f00000|  0%| F|  |TAMS 0x00000000a5e00000, 0x00000000a5e00000| Untracked 
|  95|0x00000000a5f00000, 0x00000000a5f2a340, 0x00000000a6000000| 16%| E|  |TAMS 0x00000000a5f00000, 0x00000000a5f00000| Complete 

Card table byte_map: [0x0000021e7f6f0000,0x0000021e7f9f0000] _byte_map_base: 0x0000021e7f1f0000

Marking Bits (Prev, Next): (CMBitMap*) 0x0000021e6724dad0, (CMBitMap*) 0x0000021e6724da98
 Prev Bits: [0x0000021e01800000, 0x0000021e03000000)
 Next Bits: [0x0000021e00000000, 0x0000021e01800000)

Polling page: 0x0000021e659a0000

Metaspace:

Usage:
  Non-class:     51.05 MB capacity,    49.83 MB ( 98%) used,     1.05 MB (  2%) free+waste,   170.50 KB ( <1%) overhead. 
      Class:      7.88 MB capacity,     7.27 MB ( 92%) used,   551.71 KB (  7%) free+waste,    81.00 KB (  1%) overhead. 
       Both:     58.93 MB capacity,    57.09 MB ( 97%) used,     1.59 MB (  3%) free+waste,   251.50 KB ( <1%) overhead. 

Virtual space:
  Non-class space:       52.00 MB reserved,      51.17 MB ( 98%) committed 
      Class space:        1.00 GB reserved,       8.00 MB ( <1%) committed 
             Both:        1.05 GB reserved,      59.17 MB (  5%) committed 

Chunk freelists:
   Non-Class:  0 bytes
       Class:  23.00 KB
        Both:  23.00 KB

MaxMetaspaceSize: 17179869184.00 GB
CompressedClassSpaceSize: 1.00 GB
Initial GC threshold: 20.80 MB
Current GC threshold: 97.58 MB
CDS: off

CodeHeap 'non-profiled nmethods': size=120000Kb used=3968Kb max_used=3968Kb free=116031Kb
 bounds [0x0000021e77550000, 0x0000021e77940000, 0x0000021e7ea80000]
CodeHeap 'profiled nmethods': size=120000Kb used=14729Kb max_used=14729Kb free=105270Kb
 bounds [0x0000021e70020000, 0x0000021e70e90000, 0x0000021e77550000]
CodeHeap 'non-nmethods': size=5760Kb used=2321Kb max_used=2355Kb free=3438Kb
 bounds [0x0000021e6fa80000, 0x0000021e6fcf0000, 0x0000021e70020000]
 total_blobs=7858 nmethods=7030 adapters=740
 compilation: enabled
              stopped_count=0, restarted_count=0
 full_count=0

Compilation events (20 events):
Event: 72.625 Thread 0x0000021e05847000 7083   !   4       jdk.internal.loader.Resource::getBytes (242 bytes)
Event: 72.634 Thread 0x0000021e0585a800 7087       3       sun.reflect.generics.tree.SimpleClassTypeSignature::accept (8 bytes)
Event: 72.635 Thread 0x0000021e0585a800 nmethod 7087 0x0000021e70e76910 code [0x0000021e70e76b20, 0x0000021e70e76f68]
Event: 72.635 Thread 0x0000021e0585a800 7088       3       sun.reflect.generics.visitor.Reifier::visitSimpleClassTypeSignature (18 bytes)
Event: 72.636 Thread 0x0000021e0585a800 nmethod 7088 0x0000021e70e77190 code [0x0000021e70e77380, 0x0000021e70e77708]
Event: 72.639 Thread 0x0000021e0585a800 7089       3       java.lang.reflect.ProxyGenerator$MethodInfo::write (283 bytes)
Event: 72.646 Thread 0x0000021e0585a800 nmethod 7089 0x0000021e70e77910 code [0x0000021e70e77fe0, 0x0000021e70e7c388]
Event: 72.646 Thread 0x0000021e0585a800 7090  s    3       java.io.ByteArrayOutputStream::writeTo (14 bytes)
Event: 72.646 Thread 0x0000021e0585a800 nmethod 7090 0x0000021e70e7d890 code [0x0000021e70e7da60, 0x0000021e70e7dda8]
Event: 72.661 Thread 0x0000021e0585a800 7091       3       com.google.common.collect.AbstractMapBasedMultimap$WrappedCollection$WrappedIterator::validateIterator (30 bytes)
Event: 72.662 Thread 0x0000021e0585a800 nmethod 7091 0x0000021e70e7de90 code [0x0000021e70e7e060, 0x0000021e70e7e338]
Event: 72.662 Thread 0x0000021e0585a800 7092       1       org.gradle.internal.instantiation.generator.AbstractClassGenerator$PropertyMetadata::access$1300 (5 bytes)
Event: 72.662 Thread 0x0000021e0585a800 nmethod 7092 0x0000021e7792d390 code [0x0000021e7792d540, 0x0000021e7792d5d8]
Event: 72.712 Thread 0x0000021e0585a800 7094       3       com.google.common.collect.ImmutableSet::construct (93 bytes)
Event: 72.714 Thread 0x0000021e0585a800 nmethod 7094 0x0000021e70e7e490 code [0x0000021e70e7e720, 0x0000021e70e7f298]
Event: 72.715 Thread 0x0000021e08bd3000 7093       4       org.gradle.internal.reflect.PropertyAccessorType::of (95 bytes)
Event: 72.732 Thread 0x0000021e08bd3000 nmethod 7093 0x0000021e7792d690 code [0x0000021e7792d860, 0x0000021e7792dc58]
Event: 72.732 Thread 0x0000021e08bd3000 7085       4       jdk.internal.loader.URLClassPath$JarLoader$2::getCodeSigners (8 bytes)
Event: 72.734 Thread 0x0000021e0585a800 7095       3       org.codehaus.groovy.reflection.CachedClass$3::initValue (194 bytes)
Event: 72.738 Thread 0x0000021e0585a800 nmethod 7095 0x0000021e70e7f790 code [0x0000021e70e7fba0, 0x0000021e70e81878]

GC Heap History (20 events):
Event: 55.424 GC heap before
{Heap before GC invocations=23 (full 0):
 garbage-first heap   total 98304K, used 88795K [0x00000000a0000000, 0x0000000100000000)
  region size 1024K, 29 young (29696K), 4 survivors (4096K)
 Metaspace       used 50855K, capacity 52224K, committed 52272K, reserved 1095680K
  class space    used 6501K, capacity 7003K, committed 7040K, reserved 1048576K
}
Event: 55.429 GC heap after
{Heap after GC invocations=24 (full 0):
 garbage-first heap   total 98304K, used 64565K [0x00000000a0000000, 0x0000000100000000)
  region size 1024K, 2 young (2048K), 2 survivors (2048K)
 Metaspace       used 50855K, capacity 52224K, committed 52272K, reserved 1095680K
  class space    used 6501K, capacity 7003K, committed 7040K, reserved 1048576K
}
Event: 55.544 GC heap before
{Heap before GC invocations=24 (full 0):
 garbage-first heap   total 98304K, used 84021K [0x00000000a0000000, 0x0000000100000000)
  region size 1024K, 21 young (21504K), 2 survivors (2048K)
 Metaspace       used 50862K, capacity 52224K, committed 52272K, reserved 1095680K
  class space    used 6501K, capacity 7003K, committed 7040K, reserved 1048576K
}
Event: 55.547 GC heap after
{Heap after GC invocations=25 (full 0):
 garbage-first heap   total 98304K, used 64777K [0x00000000a0000000, 0x0000000100000000)
  region size 1024K, 2 young (2048K), 2 survivors (2048K)
 Metaspace       used 50862K, capacity 52224K, committed 52272K, reserved 1095680K
  class space    used 6501K, capacity 7003K, committed 7040K, reserved 1048576K
}
Event: 55.752 GC heap before
{Heap before GC invocations=26 (full 0):
 garbage-first heap   total 98304K, used 84233K [0x00000000a0000000, 0x0000000100000000)
  region size 1024K, 21 young (21504K), 2 survivors (2048K)
 Metaspace       used 50929K, capacity 52305K, committed 52528K, reserved 1095680K
  class space    used 6499K, capacity 7030K, committed 7040K, reserved 1048576K
}
Event: 55.754 GC heap after
{Heap after GC invocations=27 (full 0):
 garbage-first heap   total 98304K, used 64090K [0x00000000a0000000, 0x0000000100000000)
  region size 1024K, 1 young (1024K), 1 survivors (1024K)
 Metaspace       used 50929K, capacity 52305K, committed 52528K, reserved 1095680K
  class space    used 6499K, capacity 7030K, committed 7040K, reserved 1048576K
}
Event: 57.159 GC heap before
{Heap before GC invocations=27 (full 0):
 garbage-first heap   total 98304K, used 83546K [0x00000000a0000000, 0x0000000100000000)
  region size 1024K, 20 young (20480K), 1 survivors (1024K)
 Metaspace       used 52109K, capacity 53718K, committed 54064K, reserved 1095680K
  class space    used 6623K, capacity 7199K, committed 7296K, reserved 1048576K
}
Event: 57.166 GC heap after
{Heap after GC invocations=28 (full 0):
 garbage-first heap   total 98304K, used 65659K [0x00000000a0000000, 0x0000000100000000)
  region size 1024K, 2 young (2048K), 2 survivors (2048K)
 Metaspace       used 52109K, capacity 53718K, committed 54064K, reserved 1095680K
  class space    used 6623K, capacity 7199K, committed 7296K, reserved 1048576K
}
Event: 58.179 GC heap before
{Heap before GC invocations=29 (full 0):
 garbage-first heap   total 98304K, used 85115K [0x00000000a0000000, 0x0000000100000000)
  region size 1024K, 20 young (20480K), 2 survivors (2048K)
 Metaspace       used 54098K, capacity 55692K, committed 55856K, reserved 1097728K
  class space    used 6835K, capacity 7452K, committed 7552K, reserved 1048576K
}
Event: 58.183 GC heap after
{Heap after GC invocations=30 (full 0):
 garbage-first heap   total 98304K, used 66588K [0x00000000a0000000, 0x0000000100000000)
  region size 1024K, 2 young (2048K), 2 survivors (2048K)
 Metaspace       used 54098K, capacity 55692K, committed 55856K, reserved 1097728K
  class space    used 6835K, capacity 7452K, committed 7552K, reserved 1048576K
}
Event: 59.607 GC heap before
{Heap before GC invocations=30 (full 0):
 garbage-first heap   total 98304K, used 83996K [0x00000000a0000000, 0x0000000100000000)
  region size 1024K, 19 young (19456K), 2 survivors (2048K)
 Metaspace       used 55372K, capacity 57081K, committed 57264K, reserved 1099776K
  class space    used 7057K, capacity 7677K, committed 7680K, reserved 1048576K
}
Event: 59.614 GC heap after
{Heap after GC invocations=31 (full 0):
 garbage-first heap   total 98304K, used 67435K [0x00000000a0000000, 0x0000000100000000)
  region size 1024K, 3 young (3072K), 3 survivors (3072K)
 Metaspace       used 55372K, capacity 57081K, committed 57264K, reserved 1099776K
  class space    used 7057K, capacity 7677K, committed 7680K, reserved 1048576K
}
Event: 60.613 GC heap before
{Heap before GC invocations=32 (full 0):
 garbage-first heap   total 98304K, used 83819K [0x00000000a0000000, 0x0000000100000000)
  region size 1024K, 19 young (19456K), 3 survivors (3072K)
 Metaspace       used 55958K, capacity 57631K, committed 57904K, reserved 1099776K
  class space    used 7150K, capacity 7754K, committed 7808K, reserved 1048576K
}
Event: 60.619 GC heap after
{Heap after GC invocations=33 (full 0):
 garbage-first heap   total 98304K, used 68554K [0x00000000a0000000, 0x0000000100000000)
  region size 1024K, 3 young (3072K), 3 survivors (3072K)
 Metaspace       used 55958K, capacity 57631K, committed 57904K, reserved 1099776K
  class space    used 7150K, capacity 7754K, committed 7808K, reserved 1048576K
}
Event: 61.496 GC heap before
{Heap before GC invocations=33 (full 0):
 garbage-first heap   total 98304K, used 83914K [0x00000000a0000000, 0x0000000100000000)
  region size 1024K, 18 young (18432K), 3 survivors (3072K)
 Metaspace       used 57084K, capacity 58769K, committed 59056K, reserved 1099776K
  class space    used 7315K, capacity 7900K, committed 7936K, reserved 1048576K
}
Event: 61.503 GC heap after
{Heap after GC invocations=34 (full 0):
 garbage-first heap   total 98304K, used 68986K [0x00000000a0000000, 0x0000000100000000)
  region size 1024K, 2 young (2048K), 2 survivors (2048K)
 Metaspace       used 57084K, capacity 58769K, committed 59056K, reserved 1099776K
  class space    used 7315K, capacity 7900K, committed 7936K, reserved 1048576K
}
Event: 69.988 GC heap before
{Heap before GC invocations=35 (full 0):
 garbage-first heap   total 98304K, used 84346K [0x00000000a0000000, 0x0000000100000000)
  region size 1024K, 17 young (17408K), 2 survivors (2048K)
 Metaspace       used 57860K, capacity 59619K, committed 59696K, reserved 1101824K
  class space    used 7382K, capacity 7988K, committed 8064K, reserved 1048576K
}
Event: 69.993 GC heap after
{Heap after GC invocations=36 (full 0):
 garbage-first heap   total 98304K, used 69666K [0x00000000a0000000, 0x0000000100000000)
  region size 1024K, 3 young (3072K), 3 survivors (3072K)
 Metaspace       used 57860K, capacity 59619K, committed 59696K, reserved 1101824K
  class space    used 7382K, capacity 7988K, committed 8064K, reserved 1048576K
}
Event: 72.028 GC heap before
{Heap before GC invocations=36 (full 0):
 garbage-first heap   total 98304K, used 82978K [0x00000000a0000000, 0x0000000100000000)
  region size 1024K, 17 young (17408K), 3 survivors (3072K)
 Metaspace       used 58150K, capacity 59886K, committed 59952K, reserved 1101824K
  class space    used 7391K, capacity 8029K, committed 8064K, reserved 1048576K
}
Event: 72.037 GC heap after
{Heap after GC invocations=37 (full 0):
 garbage-first heap   total 98304K, used 71551K [0x00000000a0000000, 0x0000000100000000)
  region size 1024K, 3 young (3072K), 3 survivors (3072K)
 Metaspace       used 58150K, capacity 59886K, committed 59952K, reserved 1101824K
  class space    used 7391K, capacity 8029K, committed 8064K, reserved 1048576K
}

Deoptimization events (20 events):
Event: 70.093 Thread 0x0000021e0943e000 DEOPT PACKING pc=0x0000021e70807574 sp=0x00000092e6cfdbd0
Event: 70.093 Thread 0x0000021e0943e000 DEOPT UNPACKING pc=0x0000021e6faca95e sp=0x00000092e6cfd170 mode 0
Event: 70.185 Thread 0x0000021e079e1000 DEOPT PACKING pc=0x0000021e70807574 sp=0x00000092e52f5f70
Event: 70.185 Thread 0x0000021e079e1000 DEOPT UNPACKING pc=0x0000021e6faca95e sp=0x00000092e52f5510 mode 0
Event: 70.368 Thread 0x0000021e087b7800 DEOPT PACKING pc=0x0000021e70807574 sp=0x00000092e6ffd090
Event: 70.368 Thread 0x0000021e087b7800 DEOPT UNPACKING pc=0x0000021e6faca95e sp=0x00000092e6ffc630 mode 0
Event: 70.474 Thread 0x0000021e0c65a000 DEOPT PACKING pc=0x0000021e70807574 sp=0x00000092e84fdb00
Event: 70.474 Thread 0x0000021e0c65a000 DEOPT UNPACKING pc=0x0000021e6faca95e sp=0x00000092e84fd0a0 mode 0
Event: 70.721 Thread 0x0000021e079e1000 Uncommon trap: trap_request=0xffffff4d fr.pc=0x0000021e77918d1c relative=0x000000000000025c
Event: 70.721 Thread 0x0000021e079e1000 Uncommon trap: reason=unstable_if action=reinterpret pc=0x0000021e77918d1c method=org.gradle.internal.snapshot.PathUtil.equalChars(CCLorg/gradle/internal/snapshot/CaseSensitivity;)Z @ 40 c2
Event: 70.721 Thread 0x0000021e079e1000 DEOPT PACKING pc=0x0000021e77918d1c sp=0x00000092e52f77e0
Event: 70.721 Thread 0x0000021e079e1000 DEOPT UNPACKING pc=0x0000021e6faca1af sp=0x00000092e52f7770 mode 2
Event: 71.206 Thread 0x0000021e0702d000 DEOPT PACKING pc=0x0000021e7035b47a sp=0x00000092e58fe1f0
Event: 71.206 Thread 0x0000021e0702d000 DEOPT UNPACKING pc=0x0000021e6faca95e sp=0x00000092e58fd628 mode 0
Event: 72.276 Thread 0x0000021e079e1000 DEOPT PACKING pc=0x0000021e70c8a0f1 sp=0x00000092e52f7fe0
Event: 72.276 Thread 0x0000021e079e1000 DEOPT UNPACKING pc=0x0000021e6faca95e sp=0x00000092e52f74d8 mode 0
Event: 72.576 Thread 0x0000021e079e1000 Uncommon trap: trap_request=0xffffffc6 fr.pc=0x0000021e7776f934 relative=0x0000000000003cb4
Event: 72.576 Thread 0x0000021e079e1000 Uncommon trap: reason=bimorphic_or_optimized_type_check action=maybe_recompile pc=0x0000021e7776f934 method=java.util.AbstractCollection.addAll(Ljava/util/Collection;)Z @ 29 c2
Event: 72.576 Thread 0x0000021e079e1000 DEOPT PACKING pc=0x0000021e7776f934 sp=0x00000092e52f7800
Event: 72.576 Thread 0x0000021e079e1000 DEOPT UNPACKING pc=0x0000021e6faca1af sp=0x00000092e52f7800 mode 2

Classes redefined (0 events):
No events

Internal exceptions (20 events):
Event: 60.297 Thread 0x0000021e079e1000 Exception <a 'java/lang/ClassNotFoundException'{0x00000000a57b8648}: org/gradle/api/internal/DefaultNamedDomainObjectCollectionBeanInfo> (0x00000000a57b8648) thrown at [s\src\hotspot\share\classfile\systemDictionary.cpp, line 230]
Event: 60.300 Thread 0x0000021e079e1000 Exception <a 'java/lang/ClassNotFoundException'{0x00000000a57e4920}: org/gradle/api/internal/DefaultDomainObjectCollectionBeanInfo> (0x00000000a57e4920) thrown at [s\src\hotspot\share\classfile\systemDictionary.cpp, line 230]
Event: 60.301 Thread 0x0000021e079e1000 Exception <a 'java/lang/ClassNotFoundException'{0x00000000a57eb8a0}: java/util/AbstractCollectionBeanInfo> (0x00000000a57eb8a0) thrown at [s\src\hotspot\share\classfile\systemDictionary.cpp, line 230]
Event: 60.301 Thread 0x0000021e079e1000 Exception <a 'java/lang/ClassNotFoundException'{0x00000000a57f27f0}: java/util/AbstractCollectionCustomizer> (0x00000000a57f27f0) thrown at [s\src\hotspot\share\classfile\systemDictionary.cpp, line 230]
Event: 60.304 Thread 0x0000021e079e1000 Exception <a 'java/lang/ClassNotFoundException'{0x00000000a5628768}: org/gradle/api/internal/DefaultDomainObjectCollectionCustomizer> (0x00000000a5628768) thrown at [s\src\hotspot\share\classfile\systemDictionary.cpp, line 230]
Event: 60.310 Thread 0x0000021e079e1000 Exception <a 'java/lang/ClassNotFoundException'{0x00000000a5672d10}: org/gradle/api/internal/DefaultNamedDomainObjectCollectionCustomizer> (0x00000000a5672d10) thrown at [s\src\hotspot\share\classfile\systemDictionary.cpp, line 230]
Event: 60.332 Thread 0x0000021e079e1000 Exception <a 'java/lang/ClassNotFoundException'{0x00000000a56cc278}: org/gradle/api/internal/DefaultNamedDomainObjectListCustomizer> (0x00000000a56cc278) thrown at [s\src\hotspot\share\classfile\systemDictionary.cpp, line 230]
Event: 60.342 Thread 0x0000021e079e1000 Exception <a 'java/lang/ClassNotFoundException'{0x00000000a5522410}: org/gradle/api/internal/artifacts/DefaultArtifactRepositoryContainerCustomizer> (0x00000000a5522410) thrown at [s\src\hotspot\share\classfile\systemDictionary.cpp, line 230]
Event: 60.351 Thread 0x0000021e079e1000 Exception <a 'java/lang/ClassNotFoundException'{0x00000000a556daa0}: org/gradle/api/internal/artifacts/dsl/DefaultRepositoryHandlerCustomizer> (0x00000000a556daa0) thrown at [s\src\hotspot\share\classfile\systemDictionary.cpp, line 230]
Event: 60.372 Thread 0x0000021e079e1000 Exception <a 'java/lang/ClassNotFoundException'{0x00000000a55cca98}: org/gradle/api/internal/artifacts/dsl/DefaultRepositoryHandler_DecoratedCustomizer> (0x00000000a55cca98) thrown at [s\src\hotspot\share\classfile\systemDictionary.cpp, line 230]
Event: 60.737 Thread 0x0000021e079e1000 Exception <a 'java/lang/NoSuchMethodError'{0x00000000a5f966d8}: 'java.lang.Object java.lang.invoke.DelegatingMethodHandle$Holder.reinvoke_L(java.lang.Object, java.lang.Object, java.lang.Object, java.lang.Object, java.lang.Object, java.lang.Object, java.lang.Object, java.lang.Object, java.lang.Object, java.lang.Object, java.lang.Object, java.lang.Object, java.lang.Object, java.lang.Object, java.lang.Object, java.lang.Object, java.lang.Object, java.lang.Object, java.lang.Object, java.lang.Object, java.lang.O
Event: 60.740 Thread 0x0000021e079e1000 Exception <a 'java/lang/NoSuchMethodError'{0x00000000a5fae228}: 'java.lang.Object java.lang.invoke.Invokers$Holder.invoker(java.lang.Object, java.lang.Object, java.lang.Object, java.lang.Object, java.lang.Object, java.lang.Object, java.lang.Object, java.lang.Object, java.lang.Object, java.lang.Object, java.lang.Object, java.lang.Object, java.lang.Object, java.lang.Object, java.lang.Object, java.lang.Object, java.lang.Object, java.lang.Object, java.lang.Object, java.lang.Object, java.lang.Object)'> (0x00000
Event: 60.741 Thread 0x0000021e079e1000 Exception <a 'java/lang/NoSuchMethodError'{0x00000000a5fb5840}: 'java.lang.Object java.lang.invoke.DelegatingMethodHandle$Holder.delegate(java.lang.Object, java.lang.Object, java.lang.Object, java.lang.Object, java.lang.Object, java.lang.Object, java.lang.Object, java.lang.Object, java.lang.Object, java.lang.Object, java.lang.Object, java.lang.Object, java.lang.Object, java.lang.Object, java.lang.Object, java.lang.Object, java.lang.Object, java.lang.Object, java.lang.Object, java.lang.Object, java.lang.Obj
Event: 60.780 Thread 0x0000021e079e1000 Exception <a 'java/lang/NoSuchMethodError'{0x00000000a5ffe8c8}: 'java.lang.Object java.lang.invoke.DirectMethodHandle$Holder.invokeStatic(java.lang.Object, java.lang.Object, java.lang.Object, java.lang.Object, java.lang.Object, java.lang.Object, java.lang.Object, java.lang.Object, java.lang.Object, java.lang.Object, java.lang.Object, java.lang.Object, java.lang.Object, java.lang.Object, java.lang.Object)'> (0x00000000a5ffe8c8) thrown at [s\src\hotspot\share\interpreter\linkResolver.cpp, line 773]
Event: 60.782 Thread 0x0000021e079e1000 Exception <a 'java/lang/NoSuchMethodError'{0x00000000a5e0f760}: 'java.lang.Object java.lang.invoke.DirectMethodHandle$Holder.invokeStatic(java.lang.Object, java.lang.Object, java.lang.Object, java.lang.Object, java.lang.Object, java.lang.Object, java.lang.Object, java.lang.Object, java.lang.Object, java.lang.Object, java.lang.Object, java.lang.Object, java.lang.Object, java.lang.Object, java.lang.Object, java.lang.Object)'> (0x00000000a5e0f760) thrown at [s\src\hotspot\share\interpreter\linkResolver.cpp, l
Event: 60.784 Thread 0x0000021e079e1000 Exception <a 'java/lang/NoSuchMethodError'{0x00000000a5e1ff50}: 'java.lang.Object java.lang.invoke.DelegatingMethodHandle$Holder.reinvoke_L(java.lang.Object, java.lang.Object, java.lang.Object, java.lang.Object, java.lang.Object, java.lang.Object, java.lang.Object, java.lang.Object, java.lang.Object, java.lang.Object, java.lang.Object, java.lang.Object, java.lang.Object, java.lang.Object, java.lang.Object, java.lang.Object, java.lang.Object, java.lang.Object, java.lang.Object, java.lang.Object)'> (0x000000
Event: 68.569 Thread 0x0000021e079e1000 Exception <a 'java/lang/NoSuchMethodError'{0x00000000a54cc6c0}: 'void java.lang.invoke.DirectMethodHandle$Holder.invokeStatic(java.lang.Object, java.lang.Object, java.lang.Object, int, java.lang.Object)'> (0x00000000a54cc6c0) thrown at [s\src\hotspot\share\interpreter\linkResolver.cpp, line 773]
Event: 70.067 Thread 0x0000021e087b8800 Implicit null exception at 0x0000021e7790128f to 0x0000021e779014d0
Event: 72.565 Thread 0x0000021e079e1000 Exception <a 'java/lang/ClassNotFoundException'{0x00000000a5e893b8}: build_7slos0dx06lh5ozzd7w6dqeklBeanInfo> (0x00000000a5e893b8) thrown at [s\src\hotspot\share\classfile\systemDictionary.cpp, line 230]
Event: 72.566 Thread 0x0000021e079e1000 Exception <a 'java/lang/ClassNotFoundException'{0x00000000a5e957e0}: build_7slos0dx06lh5ozzd7w6dqeklCustomizer> (0x00000000a5e957e0) thrown at [s\src\hotspot\share\classfile\systemDictionary.cpp, line 230]

Events (20 events):
Event: 72.709 loading class org/gradle/internal/extensibility/ConventionAwareHelper$2 done
Event: 72.710 loading class org/gradle/internal/extensibility/ConventionAwareHelper$1
Event: 72.710 loading class org/gradle/internal/extensibility/ConventionAwareHelper$1 done
Event: 72.713 loading class org/gradle/api/tasks/UntrackedTask
Event: 72.713 loading class org/gradle/api/tasks/UntrackedTask done
Event: 72.714 loading class org/gradle/api/internal/project/taskfactory/DefaultTaskClassInfoStore$StandardTaskActionFactory
Event: 72.714 loading class org/gradle/api/internal/project/taskfactory/DefaultTaskClassInfoStore$StandardTaskActionFactory done
Event: 72.714 Thread 0x0000021e08bd3000 Thread added: 0x0000021e08bd3000
Event: 72.716 loading class org/gradle/api/internal/project/taskfactory/StandardTaskAction
Event: 72.716 loading class org/gradle/api/internal/project/taskfactory/StandardTaskAction done
Event: 72.717 loading class org/gradle/api/Task
Event: 72.717 loading class org/gradle/api/Task done
Event: 72.719 loading class groovy/runtime/metaclass/org/gradle/api/tasks/Delete_DecoratedMetaClass
Event: 72.719 loading class groovy/runtime/metaclass/org/gradle/api/tasks/Delete_DecoratedMetaClass done
Event: 72.740 loading class org/gradle/api/tasks/Delete_DecoratedBeanInfo
Event: 72.740 loading class org/gradle/api/tasks/Delete_DecoratedBeanInfo done
Event: 72.743 loading class org/gradle/api/tasks/Delete_DecoratedBeanInfo
Event: 72.743 loading class org/gradle/api/tasks/Delete_DecoratedBeanInfo done
Event: 72.745 loading class org/gradle/api/tasks/Delete_DecoratedBeanInfo
Event: 72.745 loading class org/gradle/api/tasks/Delete_DecoratedBeanInfo done


Dynamic libraries:
0x00007ff6726f0000 - 0x00007ff6726fd000 	C:\Users\Admin\.jdks\corretto-11.0.20.1\bin\java.exe
0x00007fff4dfe0000 - 0x00007fff4e246000 	C:\WINDOWS\SYSTEM32\ntdll.dll
0x00007fff4bfd0000 - 0x00007fff4c099000 	C:\WINDOWS\System32\KERNEL32.DLL
0x00007fff4b880000 - 0x00007fff4bc4c000 	C:\WINDOWS\System32\KERNELBASE.dll
0x00007fff4bc50000 - 0x00007fff4bd9b000 	C:\WINDOWS\System32\ucrtbase.dll
0x00007fff0bf10000 - 0x00007fff0bf27000 	C:\Users\Admin\.jdks\corretto-11.0.20.1\bin\jli.dll
0x00007fff0bcf0000 - 0x00007fff0bd09000 	C:\Users\Admin\.jdks\corretto-11.0.20.1\bin\VCRUNTIME140.dll
0x00007fff4cf30000 - 0x00007fff4d0fa000 	C:\WINDOWS\System32\USER32.dll
0x00007fff4b7a0000 - 0x00007fff4b7c7000 	C:\WINDOWS\System32\win32u.dll
0x00007fff340d0000 - 0x00007fff3436a000 	C:\WINDOWS\WinSxS\amd64_microsoft.windows.common-controls_6595b64144ccf1df_6.0.26100.3912_none_3e07963ce335137e\COMCTL32.dll
0x00007fff4d810000 - 0x00007fff4d8b9000 	C:\WINDOWS\System32\msvcrt.dll
0x00007fff4d100000 - 0x00007fff4d12b000 	C:\WINDOWS\System32\GDI32.dll
0x00007fff4b170000 - 0x00007fff4b2a2000 	C:\WINDOWS\System32\gdi32full.dll
0x00007fff4b7d0000 - 0x00007fff4b873000 	C:\WINDOWS\System32\msvcp_win.dll
0x00007fff4d8c0000 - 0x00007fff4d8f0000 	C:\WINDOWS\System32\IMM32.DLL
0x00007ffee8910000 - 0x00007ffee89ab000 	C:\Users\Admin\.jdks\corretto-11.0.20.1\bin\msvcp140.dll
0x00007ffe9c570000 - 0x00007ffe9d0fb000 	C:\Users\Admin\.jdks\corretto-11.0.20.1\bin\server\jvm.dll
0x00007fff4ddb0000 - 0x00007fff4de62000 	C:\WINDOWS\System32\ADVAPI32.dll
0x00007fff4c550000 - 0x00007fff4c5f6000 	C:\WINDOWS\System32\sechost.dll
0x00007fff4c600000 - 0x00007fff4c716000 	C:\WINDOWS\System32\RPCRT4.dll
0x00007fff4dd90000 - 0x00007fff4dd98000 	C:\WINDOWS\System32\PSAPI.DLL
0x00007fff338e0000 - 0x00007fff338ea000 	C:\WINDOWS\SYSTEM32\WSOCK32.dll
0x00007fff44030000 - 0x00007fff44066000 	C:\WINDOWS\SYSTEM32\WINMM.dll
0x00007fff4d780000 - 0x00007fff4d7f4000 	C:\WINDOWS\System32\WS2_32.dll
0x00007fff44070000 - 0x00007fff4407b000 	C:\WINDOWS\SYSTEM32\VERSION.dll
0x00007fff49e50000 - 0x00007fff49e6a000 	C:\WINDOWS\SYSTEM32\kernel.appcore.dll
0x00007fff23650000 - 0x00007fff23660000 	C:\Users\Admin\.jdks\corretto-11.0.20.1\bin\verify.dll
0x00007fff3aa10000 - 0x00007fff3ac51000 	C:\WINDOWS\SYSTEM32\DBGHELP.DLL
0x00007fff4d990000 - 0x00007fff4dd14000 	C:\WINDOWS\System32\combase.dll
0x00007fff4deb0000 - 0x00007fff4df90000 	C:\WINDOWS\System32\OLEAUT32.dll
0x00007fff369c0000 - 0x00007fff369f9000 	C:\WINDOWS\SYSTEM32\dbgcore.DLL
0x00007fff4b700000 - 0x00007fff4b799000 	C:\WINDOWS\System32\bcryptPrimitives.dll
0x00007fff0b310000 - 0x00007fff0b338000 	C:\Users\Admin\.jdks\corretto-11.0.20.1\bin\java.dll
0x00007fff12c40000 - 0x00007fff12c4a000 	C:\Users\Admin\.jdks\corretto-11.0.20.1\bin\jimage.dll
0x00007fff08780000 - 0x00007fff08798000 	C:\Users\Admin\.jdks\corretto-11.0.20.1\bin\zip.dll
0x00007fff4c7a0000 - 0x00007fff4cecd000 	C:\WINDOWS\System32\SHELL32.dll
0x00007fff4b400000 - 0x00007fff4b574000 	C:\WINDOWS\System32\wintypes.dll
0x00007fff48dc0000 - 0x00007fff49616000 	C:\WINDOWS\SYSTEM32\windows.storage.dll
0x00007fff4d230000 - 0x00007fff4d31f000 	C:\WINDOWS\System32\SHCORE.dll
0x00007fff4dd20000 - 0x00007fff4dd89000 	C:\WINDOWS\System32\shlwapi.dll
0x00007fff4b080000 - 0x00007fff4b0af000 	C:\WINDOWS\SYSTEM32\profapi.dll
0x00007fff06a10000 - 0x00007fff06a29000 	C:\Users\Admin\.jdks\corretto-11.0.20.1\bin\net.dll
0x00007fff414c0000 - 0x00007fff415de000 	C:\WINDOWS\SYSTEM32\WINHTTP.dll
0x00007fff4a440000 - 0x00007fff4a4aa000 	C:\WINDOWS\system32\mswsock.dll
0x00007fff04d00000 - 0x00007fff04d13000 	C:\Users\Admin\.jdks\corretto-11.0.20.1\bin\nio.dll
0x00007fff419b0000 - 0x00007fff419d7000 	C:\Users\Admin\.gradle\native\e1d6ef7f7dcc3fd88c89a11ec53ec762bb8ba0a96d01ffa2cd45eb1d1d8dd5c5\windows-amd64\native-platform.dll
0x00007ffedf4a0000 - 0x00007ffedf5e4000 	C:\Users\Admin\.gradle\native\0d407fdbe67a94daf76414ababcb853783967236a71b16ec16e742cd7a986fd3\windows-amd64\native-platform-file-events.dll
0x00007fff0fb30000 - 0x00007fff0fb39000 	C:\Users\Admin\.jdks\corretto-11.0.20.1\bin\management.dll
0x00007fff0f930000 - 0x00007fff0f93b000 	C:\Users\Admin\.jdks\corretto-11.0.20.1\bin\management_ext.dll
0x00007fff4a800000 - 0x00007fff4a81c000 	C:\WINDOWS\SYSTEM32\CRYPTSP.dll
0x00007fff49e70000 - 0x00007fff49eaa000 	C:\WINDOWS\system32\rsaenh.dll
0x00007fff4a4e0000 - 0x00007fff4a50b000 	C:\WINDOWS\SYSTEM32\USERENV.dll
0x00007fff4b050000 - 0x00007fff4b076000 	C:\WINDOWS\SYSTEM32\bcrypt.dll
0x00007fff4a670000 - 0x00007fff4a67c000 	C:\WINDOWS\SYSTEM32\CRYPTBASE.dll
0x00007fff49910000 - 0x00007fff49943000 	C:\WINDOWS\SYSTEM32\IPHLPAPI.DLL
0x00007fff4d800000 - 0x00007fff4d80a000 	C:\WINDOWS\System32\NSI.dll
0x00007fff413c0000 - 0x00007fff413df000 	C:\WINDOWS\SYSTEM32\dhcpcsvc6.DLL
0x00007fff41340000 - 0x00007fff41365000 	C:\WINDOWS\SYSTEM32\dhcpcsvc.DLL
0x00007fff49950000 - 0x00007fff49a77000 	C:\WINDOWS\SYSTEM32\DNSAPI.dll

dbghelp: loaded successfully - version: 4.0.5 - missing functions: none
symbol engine: initialized successfully - sym options: 0x614 - pdb path: .;C:\Users\Admin\.jdks\corretto-11.0.20.1\bin;C:\WINDOWS\SYSTEM32;C:\WINDOWS\WinSxS\amd64_microsoft.windows.common-controls_6595b64144ccf1df_6.0.26100.3912_none_3e07963ce335137e;C:\Users\Admin\.jdks\corretto-11.0.20.1\bin\server;C:\Users\Admin\.gradle\native\e1d6ef7f7dcc3fd88c89a11ec53ec762bb8ba0a96d01ffa2cd45eb1d1d8dd5c5\windows-amd64;C:\Users\Admin\.gradle\native\0d407fdbe67a94daf76414ababcb853783967236a71b16ec16e742cd7a986fd3\windows-amd64

VM Arguments:
jvm_args: --add-opens=java.base/java.util=ALL-UNNAMED --add-opens=java.base/java.lang=ALL-UNNAMED --add-opens=java.base/java.lang.invoke=ALL-UNNAMED --add-opens=java.base/java.util=ALL-UNNAMED --add-opens=java.prefs/java.util.prefs=ALL-UNNAMED --add-opens=java.prefs/java.util.prefs=ALL-UNNAMED --add-opens=java.base/java.nio.charset=ALL-UNNAMED --add-opens=java.base/java.net=ALL-UNNAMED --add-opens=java.base/java.util.concurrent.atomic=ALL-UNNAMED -Xmx1536m -Dfile.encoding=UTF-8 -Duser.country=RU -Duser.language=ru -Duser.variant 
java_command: org.gradle.launcher.daemon.bootstrap.GradleDaemon 7.5
java_class_path (initial): C:\Users\Admin\.gradle\wrapper\dists\gradle-7.5-bin\f1w0cc9nuo0eivz97x2xlu9sv\gradle-7.5\lib\gradle-launcher-7.5.jar
Launcher Type: SUN_STANDARD

[Global flags]
     intx CICompilerCount                          = 4                                         {product} {ergonomic}
     uint ConcGCThreads                            = 2                                         {product} {ergonomic}
     uint G1ConcRefinementThreads                  = 8                                         {product} {ergonomic}
   size_t G1HeapRegionSize                         = 1048576                                   {product} {ergonomic}
    uintx GCDrainStackTargetSize                   = 64                                        {product} {ergonomic}
   size_t InitialHeapSize                          = 100663296                                 {product} {ergonomic}
   size_t MarkStackSize                            = 4194304                                   {product} {ergonomic}
   size_t MaxHeapSize                              = 1610612736                                {product} {command line}
   size_t MaxNewSize                               = 965738496                                 {product} {ergonomic}
   size_t MinHeapDeltaBytes                        = 1048576                                   {product} {ergonomic}
    uintx NonNMethodCodeHeapSize                   = 5836300                                {pd product} {ergonomic}
    uintx NonProfiledCodeHeapSize                  = 122910970                              {pd product} {ergonomic}
    uintx ProfiledCodeHeapSize                     = 122910970                              {pd product} {ergonomic}
    uintx ReservedCodeCacheSize                    = 251658240                              {pd product} {ergonomic}
     bool SegmentedCodeCache                       = true                                      {product} {ergonomic}
     bool UseCompressedClassPointers               = true                                 {lp64_product} {ergonomic}
     bool UseCompressedOops                        = true                                 {lp64_product} {ergonomic}
     bool UseG1GC                                  = true                                      {product} {ergonomic}
     bool UseLargePagesIndividualAllocation        = false                                  {pd product} {ergonomic}

Logging:
Log output configuration:
 #0: stdout all=warning uptime,level,tags
 #1: stderr all=off uptime,level,tags

Environment Variables:
JAVA_HOME=C:\Program Files\Java\jdk-19
PATH=C:\Program Files\NVIDIA GPU Computing Toolkit\CUDA\v12.8\bin;C:\Program Files\NVIDIA GPU Computing Toolkit\CUDA\v12.8\libnvvp;C:\Program Files\Microsoft MPI\Bin\;C:\Program Files\Common Files\Oracle\Java\javapath;C:\Windows\system32;C:\Windows;C:\Windows\System32\Wbem;C:\Windows\System32\WindowsPowerShell\v1.0\;C:\Windows\System32\OpenSSH\;C:\Program Files\NVIDIA Corporation\NVIDIA NvDLISR;C:\Program Files\dotnet\;C:\Program Files\Microsoft SQL Server\Client SDK\ODBC\170\Tools\Binn\;C:\Program Files (x86)\dotnet\;C:\WINDOWS\system32;C:\WINDOWS;C:\WINDOWS\System32\Wbem;C:\WINDOWS\System32\WindowsPowerShell\v1.0\;C:\WINDOWS\System32\OpenSSH\;C:\Program Files (x86)\Microsoft SQL Server\150\Tools\Binn\;C:\Program Files\Microsoft SQL Server\150\Tools\Binn\;C:\Program Files\Microsoft SQL Server\150\DTS\Binn\;C:\Program Files\Azure Data Studio\bin;C:\Program Files\Git\cmd;C:\Program Files\Docker\Docker\resources\bin;C:\Program Files\Microsoft SQL Server\130\Tools\Binn\;C:\Users\Admin\AppData\Local\Android\Sdk\platform-tools;C:\Program Files\PostgreSQL\16\bin;C:\Program Files (x86)\NVIDIA Corporation\PhysX\Common;C:\Program Files\NVIDIA Corporation\Nsight Compute 2025.1.0\;C:\Program Files\NVIDIA Corporation\NVIDIA app\NvDLISR;C:\Program Files (x86)\Microsoft Visual Studio\2019\Community\VC\Tools\MSVC\14.29.30133\bin\Hostx64\x64;C:\Users\Admin\AppData\Local\nvm;C:\nvm4w\nodejs;C:\Program Files\MySQL\MySQL Server 8.0\bin;C:\flutter\flutter\bin;C:\Program Files\MySQL\MySQL Shell 8.0\bin\;C:\Users\Admin\AppData\Local\Programs\Python\Python311\Scripts\;C:\Users\Admin\AppData\Local\Programs\Python\Python311\;C:\Users\Admin\AppData\Local\Programs\Python\Launcher\;C:\Users\Admin\AppData\Local\Programs\Python\Python310\Scripts\;C:\Users\Admin\AppData\Local\Programs\Python\Python310\;C:\Users\Admin\AppData\Local\Programs\Python\Python36-32\Scripts\;C:\Users\Admin\AppData\Local\Programs\Python\Python36-32\;C:\Users\Admin\AppData\Local\Programs\Python\Python37\Scripts\;C:\Users\Admi
USERNAME=Admin
OS=Windows_NT
PROCESSOR_IDENTIFIER=AMD64 Family 23 Model 24 Stepping 1, AuthenticAMD
TMP=C:\Users\Admin\AppData\Local\Temp
TEMP=C:\Users\Admin\AppData\Local\Temp



---------------  S Y S T E M  ---------------

OS: Windows 11 , 64 bit Build 26100 (10.0.26100.3912)
OS uptime: 2 days 19:04 hours
Hyper-V role detected

CPU:total 8 (initial active 8) (8 cores per cpu, 2 threads per core) family 23 model 24 stepping 1 microcode 0x8108109, cmov, cx8, fxsr, mmx, sse, sse2, sse3, ssse3, sse4.1, sse4.2, popcnt, avx, avx2, aes, clmul, mmxext, 3dnowpref, lzcnt, sse4a, ht, tsc, tscinvbit, tscinv, bmi1, bmi2, adx, sha, fma

Memory: 4k page, system-wide physical 6082M (462M free)
TotalPageFile size 24513M (AvailPageFile size 20M)
current process WorkingSet (physical memory assigned to process): 183M, peak: 249M
current process commit charge ("private bytes"): 305M, peak: 323M

vm_info: OpenJDK 64-Bit Server VM (11.0.20.1+9-LTS) for windows-amd64 JRE (11.0.20.1+9-LTS), built on Aug 19 2023 03:46:24 by "Administrator" with MS VC++ 15.9 (VS2017)

END.
