#
# There is insufficient memory for the Java Runtime Environment to continue.
# Native memory allocation (malloc) failed to allocate 1629952 bytes for Chunk::new
# Possible reasons:
#   The system is out of physical RAM or swap space
#   The process is running with CompressedOops enabled, and the Java Heap may be blocking the growth of the native heap
# Possible solutions:
#   Reduce memory load on the system
#   Increase physical memory or swap space
#   Check if swap backing store is full
#   Decrease Java heap size (-Xmx/-Xms)
#   Decrease number of Java threads
#   Decrease Java thread stack sizes (-Xss)
#   Set larger code cache with -XX:ReservedCodeCacheSize=
#   JVM is running with Unscaled Compressed Oops mode in which the Java heap is
#     placed in the first 4GB address space. The Java Heap base address is the
#     maximum limit for the native heap growth. Please use -XX:HeapBaseMinAddress
#     to set the Java Heap base and to place the Java Heap above 4GB virtual address.
# This output file may be truncated or incomplete.
#
#  Out of Memory Error (arena.cpp:184), pid=15908, tid=25544
#
# JRE version: Java(TM) SE Runtime Environment (19.0.1+10) (build 19.0.1+10-21)
# Java VM: Java HotSpot(TM) 64-Bit Server VM (19.0.1+10-21, mixed mode, sharing, tiered, compressed oops, compressed class ptrs, g1 gc, windows-amd64)
# No core dump will be written. Minidumps are not enabled by default on client versions of Windows
#

---------------  S U M M A R Y ------------

Command Line: --add-opens=java.base/java.util=ALL-UNNAMED --add-opens=java.base/java.lang=ALL-UNNAMED --add-opens=java.base/java.lang.invoke=ALL-UNNAMED --add-opens=java.base/java.util=ALL-UNNAMED --add-opens=java.prefs/java.util.prefs=ALL-UNNAMED --add-opens=java.prefs/java.util.prefs=ALL-UNNAMED --add-opens=java.base/java.nio.charset=ALL-UNNAMED --add-opens=java.base/java.net=ALL-UNNAMED --add-opens=java.base/java.util.concurrent.atomic=ALL-UNNAMED -Xmx1536m -Dfile.encoding=utf8 -Duser.country=RU -Duser.language=ru -Duser.variant org.gradle.launcher.daemon.bootstrap.GradleDaemon 7.5

Host: AMD Ryzen 5 3550H with Radeon Vega Mobile Gfx  , 8 cores, 5G,  Windows 11 , 64 bit Build 26100 (10.0.26100.3912)
Time: Wed May 21 09:10:41 2025  Windows 11 , 64 bit Build 26100 (10.0.26100.3912) elapsed time: 9.621327 seconds (0d 0h 0m 9s)

---------------  T H R E A D  ---------------

Current thread (0x00000277a9c46bd0):  JavaThread "C2 CompilerThread0" daemon [_thread_in_native, id=25544, stack(0x000000c625200000,0x000000c625300000)]


Current CompileTask:
C2:   9621 2842       4       java.net.URLClassLoader$1::run (5 bytes)

Stack: [0x000000c625200000,0x000000c625300000]
Native frames: (J=compiled Java code, j=interpreted, Vv=VM code, C=native code)
V  [jvm.dll+0x6ee8fa]
V  [jvm.dll+0x857a1e]
V  [jvm.dll+0x85940e]
V  [jvm.dll+0x859ac3]
V  [jvm.dll+0x28291f]
V  [jvm.dll+0xc9b5f]
V  [jvm.dll+0xc9ee5]
V  [jvm.dll+0x3bcbac]
V  [jvm.dll+0x1ee31a]
V  [jvm.dll+0x24c41b]
V  [jvm.dll+0x24b671]
V  [jvm.dll+0x1d6d61]
V  [jvm.dll+0x25b0fa]
V  [jvm.dll+0x259588]
V  [jvm.dll+0x807928]
V  [jvm.dll+0x8015fa]
V  [jvm.dll+0x6ed5eb]
C  [ucrtbase.dll+0x37b0]
C  [KERNEL32.DLL+0x2e8d7]
C  [ntdll.dll+0x9c5dc]


---------------  P R O C E S S  ---------------

Threads class SMR info:
_java_thread_list=0x00000277afadf360, length=28, elements={
0x000002778be887e0, 0x00000277a9c3c830, 0x00000277a9c3de70, 0x00000277a9c3f6b0,
0x00000277a9c41ff0, 0x00000277a9c44930, 0x00000277a9c45260, 0x00000277a9c46bd0,
0x00000277a9c54210, 0x00000277a9c780a0, 0x00000277ae109b10, 0x00000277ae112060,
0x00000277af3ffe80, 0x00000277af8b1700, 0x00000277af8b3d30, 0x00000277af7fe730,
0x00000277af5c83b0, 0x00000277af74a4b0, 0x00000277ae12b100, 0x00000277ae36d7d0,
0x00000277ae36dd20, 0x00000277ae36fd00, 0x00000277ae36f7b0, 0x00000277ae36e270,
0x00000277ae36d280, 0x00000277b115c820, 0x00000277ae36ed10, 0x00000277ae370250
}

Java Threads: ( => current thread )
  0x000002778be887e0 JavaThread "main" [_thread_blocked, id=16880, stack(0x000000c624500000,0x000000c624600000)]
  0x00000277a9c3c830 JavaThread "Reference Handler" daemon [_thread_blocked, id=16960, stack(0x000000c624c00000,0x000000c624d00000)]
  0x00000277a9c3de70 JavaThread "Finalizer" daemon [_thread_blocked, id=25652, stack(0x000000c624d00000,0x000000c624e00000)]
  0x00000277a9c3f6b0 JavaThread "Signal Dispatcher" daemon [_thread_blocked, id=5616, stack(0x000000c624e00000,0x000000c624f00000)]
  0x00000277a9c41ff0 JavaThread "Attach Listener" daemon [_thread_blocked, id=4344, stack(0x000000c624f00000,0x000000c625000000)]
  0x00000277a9c44930 JavaThread "Service Thread" daemon [_thread_blocked, id=13124, stack(0x000000c625000000,0x000000c625100000)]
  0x00000277a9c45260 JavaThread "Monitor Deflation Thread" daemon [_thread_blocked, id=8188, stack(0x000000c625100000,0x000000c625200000)]
=>0x00000277a9c46bd0 JavaThread "C2 CompilerThread0" daemon [_thread_in_native, id=25544, stack(0x000000c625200000,0x000000c625300000)]
  0x00000277a9c54210 JavaThread "C1 CompilerThread0" daemon [_thread_blocked, id=22244, stack(0x000000c625300000,0x000000c625400000)]
  0x00000277a9c780a0 JavaThread "Sweeper thread" daemon [_thread_blocked, id=8932, stack(0x000000c625400000,0x000000c625500000)]
  0x00000277ae109b10 JavaThread "Common-Cleaner" daemon [_thread_blocked, id=11436, stack(0x000000c625500000,0x000000c625600000)]
  0x00000277ae112060 JavaThread "Notification Thread" daemon [_thread_blocked, id=22956, stack(0x000000c625600000,0x000000c625700000)]
  0x00000277af3ffe80 JavaThread "Daemon health stats" [_thread_blocked, id=12432, stack(0x000000c625d00000,0x000000c625e00000)]
  0x00000277af8b1700 JavaThread "Incoming local TCP Connector on port 51302" [_thread_in_native, id=19356, stack(0x000000c625800000,0x000000c625900000)]
  0x00000277af8b3d30 JavaThread "Daemon periodic checks" [_thread_blocked, id=18328, stack(0x000000c625e00000,0x000000c625f00000)]
  0x00000277af7fe730 JavaThread "Daemon" [_thread_blocked, id=16044, stack(0x000000c625f00000,0x000000c626000000)]
  0x00000277af5c83b0 JavaThread "Handler for socket connection from /127.0.0.1:51302 to /127.0.0.1:51305" [_thread_in_native, id=15752, stack(0x000000c626000000,0x000000c626100000)]
  0x00000277af74a4b0 JavaThread "Cancel handler" [_thread_blocked, id=15668, stack(0x000000c626100000,0x000000c626200000)]
  0x00000277ae12b100 JavaThread "Daemon worker" [_thread_in_native, id=10524, stack(0x000000c626200000,0x000000c626300000)]
  0x00000277ae36d7d0 JavaThread "Asynchronous log dispatcher for DefaultDaemonConnection: socket connection from /127.0.0.1:51302 to /127.0.0.1:51305" [_thread_blocked, id=1636, stack(0x000000c626300000,0x000000c626400000)]
  0x00000277ae36dd20 JavaThread "Stdin handler" [_thread_blocked, id=21112, stack(0x000000c626400000,0x000000c626500000)]
  0x00000277ae36fd00 JavaThread "Daemon client event forwarder" [_thread_blocked, id=21360, stack(0x000000c626500000,0x000000c626600000)]
  0x00000277ae36f7b0 JavaThread "Cache worker for journal cache (C:\Users\Admin\.gradle\caches\journal-1)" [_thread_blocked, id=14920, stack(0x000000c626600000,0x000000c626700000)]
  0x00000277ae36e270 JavaThread "File lock request listener" [_thread_in_native, id=9356, stack(0x000000c626700000,0x000000c626800000)]
  0x00000277ae36d280 JavaThread "Cache worker for file hash cache (C:\Users\Admin\.gradle\caches\7.5\fileHashes)" [_thread_blocked, id=11784, stack(0x000000c626900000,0x000000c626a00000)]
  0x00000277b115c820 JavaThread "C2 CompilerThread1" daemon [_thread_in_native, id=13204, stack(0x000000c626800000,0x000000c626900000)]
  0x00000277ae36ed10 JavaThread "File watcher server" daemon [_thread_in_native, id=11848, stack(0x000000c626d00000,0x000000c626e00000)]
  0x00000277ae370250 JavaThread "File watcher consumer" daemon [_thread_blocked, id=14776, stack(0x000000c626e00000,0x000000c626f00000)]

Other Threads:
  0x00000277a9c217c0 VMThread "VM Thread" [stack: 0x000000c624b00000,0x000000c624c00000] [id=11840]
  0x00000277ae112b70 WatcherThread "VM Periodic Task Thread" [stack: 0x000000c625700000,0x000000c625800000] [id=10932]
  0x000002778bed7c70 WorkerThread "GC Thread#0" [stack: 0x000000c624600000,0x000000c624700000] [id=8960]
  0x00000277ae708bb0 WorkerThread "GC Thread#1" [stack: 0x000000c625900000,0x000000c625a00000] [id=8872]
  0x00000277aec99e50 WorkerThread "GC Thread#2" [stack: 0x000000c625a00000,0x000000c625b00000] [id=23648]
  0x00000277aeb86da0 WorkerThread "GC Thread#3" [stack: 0x000000c625b00000,0x000000c625c00000] [id=24460]
  0x00000277aee72820 WorkerThread "GC Thread#4" [stack: 0x000000c625c00000,0x000000c625d00000] [id=18460]
  0x00000277aee72af0 WorkerThread "GC Thread#5" [stack: 0x000000c626a00000,0x000000c626b00000] [id=17616]
  0x00000277aee73900 WorkerThread "GC Thread#6" [stack: 0x000000c626b00000,0x000000c626c00000] [id=21720]
  0x00000277aee73bd0 WorkerThread "GC Thread#7" [stack: 0x000000c626c00000,0x000000c626d00000] [id=20972]
  0x000002778bee4ae0 ConcurrentGCThread "G1 Main Marker" [stack: 0x000000c624700000,0x000000c624800000] [id=5900]
  0x000002778bee6290 WorkerThread "G1 Conc#0" [stack: 0x000000c624800000,0x000000c624900000] [id=10356]
  0x00000277a9ae20c0 ConcurrentGCThread "G1 Refine#0" [stack: 0x000000c624900000,0x000000c624a00000] [id=10864]
  0x00000277a9ae2b10 ConcurrentGCThread "G1 Service" [stack: 0x000000c624a00000,0x000000c624b00000] [id=2980]

Threads with active compile tasks:
C2 CompilerThread0     9679 2842       4       java.net.URLClassLoader$1::run (5 bytes)
C2 CompilerThread1     9680 2841   !   4       java.net.URLClassLoader::findClass (47 bytes)

VM state: not at safepoint (normal execution)

VM Mutex/Monitor currently owned by a thread: None

Heap address: 0x00000000a0000000, size: 1536 MB, Compressed Oops mode: 32-bit

CDS archive(s) mapped at: [0x0000000800000000-0x0000000800c40000-0x0000000800c40000), size 12845056, SharedBaseAddress: 0x0000000800000000, ArchiveRelocationMode: 0.
Compressed class space mapped at: 0x0000000801000000-0x0000000841000000, reserved size: 1073741824
Narrow klass base: 0x0000000800000000, Narrow klass shift: 0, Narrow klass range: 0x100000000

GC Precious Log:
 CardTable entry size: 512
 Card Set container configuration: InlinePtr #cards 5 size 8 Array Of Cards #cards 12 size 40 Howl #buckets 4 coarsen threshold 1843 Howl Bitmap #cards 512 size 80 coarsen threshold 460 Card regions per heap region 1 cards per card region 2048
 CPUs: 8 total, 8 available
 Memory: 6082M
 Large Page Support: Disabled
 NUMA Support: Disabled
 Compressed Oops: Enabled (32-bit)
 Heap Region Size: 1M
 Heap Min Capacity: 8M
 Heap Initial Capacity: 96M
 Heap Max Capacity: 1536M
 Pre-touch: Disabled
 Parallel Workers: 8
 Concurrent Workers: 2
 Concurrent Refinement Workers: 8
 Periodic GC: Disabled

Heap:
 garbage-first heap   total 98304K, used 48333K [0x00000000a0000000, 0x0000000100000000)
  region size 1024K, 36 young (36864K), 6 survivors (6144K)
 Metaspace       used 20329K, committed 20992K, reserved 1114112K
  class space    used 2933K, committed 3264K, reserved 1048576K

Heap Regions: E=young(eden), S=young(survivor), O=old, HS=humongous(starts), HC=humongous(continues), CS=collection set, F=free, OA=open archive, CA=closed archive, TAMS=top-at-mark-start (previous, next)
|   0|0x00000000a0000000, 0x00000000a0100000, 0x00000000a0100000|100%| O|  |TAMS 0x00000000a0000000, 0x00000000a0000000| Untracked 
|   1|0x00000000a0100000, 0x00000000a0200000, 0x00000000a0200000|100%| O|  |TAMS 0x00000000a0100000, 0x00000000a0100000| Untracked 
|   2|0x00000000a0200000, 0x00000000a0300000, 0x00000000a0300000|100%| O|  |TAMS 0x00000000a0200000, 0x00000000a0200000| Untracked 
|   3|0x00000000a0300000, 0x00000000a0400000, 0x00000000a0400000|100%|HS|  |TAMS 0x00000000a0300000, 0x00000000a0300000| Complete 
|   4|0x00000000a0400000, 0x00000000a0500000, 0x00000000a0500000|100%|HC|  |TAMS 0x00000000a0400000, 0x00000000a0400000| Complete 
|   5|0x00000000a0500000, 0x00000000a0600000, 0x00000000a0600000|100%|HC|  |TAMS 0x00000000a0500000, 0x00000000a0500000| Complete 
|   6|0x00000000a0600000, 0x00000000a0700000, 0x00000000a0700000|100%| O|  |TAMS 0x00000000a0600000, 0x00000000a0600000| Untracked 
|   7|0x00000000a0700000, 0x00000000a0800000, 0x00000000a0800000|100%| O|  |TAMS 0x00000000a0700000, 0x00000000a0700000| Untracked 
|   8|0x00000000a0800000, 0x00000000a0900000, 0x00000000a0900000|100%| O|  |TAMS 0x00000000a0800000, 0x00000000a0800000| Untracked 
|   9|0x00000000a0900000, 0x00000000a0a00000, 0x00000000a0a00000|100%| O|  |TAMS 0x00000000a0900000, 0x00000000a0900000| Untracked 
|  10|0x00000000a0a00000, 0x00000000a0b00000, 0x00000000a0b00000|100%| O|  |TAMS 0x00000000a0a00000, 0x00000000a0a00000| Untracked 
|  11|0x00000000a0b00000, 0x00000000a0c00000, 0x00000000a0c00000|100%| O|  |TAMS 0x00000000a0b00000, 0x00000000a0b00000| Untracked 
|  12|0x00000000a0c00000, 0x00000000a0d00000, 0x00000000a0d00000|100%| O|  |TAMS 0x00000000a0c00000, 0x00000000a0c00000| Untracked 
|  13|0x00000000a0d00000, 0x00000000a0d09400, 0x00000000a0e00000|  3%| O|  |TAMS 0x00000000a0d00000, 0x00000000a0d00000| Untracked 
|  14|0x00000000a0e00000, 0x00000000a0e00000, 0x00000000a0f00000|  0%| F|  |TAMS 0x00000000a0e00000, 0x00000000a0e00000| Untracked 
|  15|0x00000000a0f00000, 0x00000000a0f00000, 0x00000000a1000000|  0%| F|  |TAMS 0x00000000a0f00000, 0x00000000a0f00000| Untracked 
|  16|0x00000000a1000000, 0x00000000a1000000, 0x00000000a1100000|  0%| F|  |TAMS 0x00000000a1000000, 0x00000000a1000000| Untracked 
|  17|0x00000000a1100000, 0x00000000a1100000, 0x00000000a1200000|  0%| F|  |TAMS 0x00000000a1100000, 0x00000000a1100000| Untracked 
|  18|0x00000000a1200000, 0x00000000a1200000, 0x00000000a1300000|  0%| F|  |TAMS 0x00000000a1200000, 0x00000000a1200000| Untracked 
|  19|0x00000000a1300000, 0x00000000a1300000, 0x00000000a1400000|  0%| F|  |TAMS 0x00000000a1300000, 0x00000000a1300000| Untracked 
|  20|0x00000000a1400000, 0x00000000a1400000, 0x00000000a1500000|  0%| F|  |TAMS 0x00000000a1400000, 0x00000000a1400000| Untracked 
|  21|0x00000000a1500000, 0x00000000a1500000, 0x00000000a1600000|  0%| F|  |TAMS 0x00000000a1500000, 0x00000000a1500000| Untracked 
|  22|0x00000000a1600000, 0x00000000a1600000, 0x00000000a1700000|  0%| F|  |TAMS 0x00000000a1600000, 0x00000000a1600000| Untracked 
|  23|0x00000000a1700000, 0x00000000a1700000, 0x00000000a1800000|  0%| F|  |TAMS 0x00000000a1700000, 0x00000000a1700000| Untracked 
|  24|0x00000000a1800000, 0x00000000a1800000, 0x00000000a1900000|  0%| F|  |TAMS 0x00000000a1800000, 0x00000000a1800000| Untracked 
|  25|0x00000000a1900000, 0x00000000a1900000, 0x00000000a1a00000|  0%| F|  |TAMS 0x00000000a1900000, 0x00000000a1900000| Untracked 
|  26|0x00000000a1a00000, 0x00000000a1a00000, 0x00000000a1b00000|  0%| F|  |TAMS 0x00000000a1a00000, 0x00000000a1a00000| Untracked 
|  27|0x00000000a1b00000, 0x00000000a1b00000, 0x00000000a1c00000|  0%| F|  |TAMS 0x00000000a1b00000, 0x00000000a1b00000| Untracked 
|  28|0x00000000a1c00000, 0x00000000a1c00000, 0x00000000a1d00000|  0%| F|  |TAMS 0x00000000a1c00000, 0x00000000a1c00000| Untracked 
|  29|0x00000000a1d00000, 0x00000000a1d00000, 0x00000000a1e00000|  0%| F|  |TAMS 0x00000000a1d00000, 0x00000000a1d00000| Untracked 
|  30|0x00000000a1e00000, 0x00000000a1e00000, 0x00000000a1f00000|  0%| F|  |TAMS 0x00000000a1e00000, 0x00000000a1e00000| Untracked 
|  31|0x00000000a1f00000, 0x00000000a1f00000, 0x00000000a2000000|  0%| F|  |TAMS 0x00000000a1f00000, 0x00000000a1f00000| Untracked 
|  32|0x00000000a2000000, 0x00000000a2000000, 0x00000000a2100000|  0%| F|  |TAMS 0x00000000a2000000, 0x00000000a2000000| Untracked 
|  33|0x00000000a2100000, 0x00000000a2100000, 0x00000000a2200000|  0%| F|  |TAMS 0x00000000a2100000, 0x00000000a2100000| Untracked 
|  34|0x00000000a2200000, 0x00000000a2200000, 0x00000000a2300000|  0%| F|  |TAMS 0x00000000a2200000, 0x00000000a2200000| Untracked 
|  35|0x00000000a2300000, 0x00000000a2300000, 0x00000000a2400000|  0%| F|  |TAMS 0x00000000a2300000, 0x00000000a2300000| Untracked 
|  36|0x00000000a2400000, 0x00000000a242a160, 0x00000000a2500000| 16%| S|CS|TAMS 0x00000000a2400000, 0x00000000a2400000| Complete 
|  37|0x00000000a2500000, 0x00000000a2600000, 0x00000000a2600000|100%| S|CS|TAMS 0x00000000a2500000, 0x00000000a2500000| Complete 
|  38|0x00000000a2600000, 0x00000000a2700000, 0x00000000a2700000|100%| S|CS|TAMS 0x00000000a2600000, 0x00000000a2600000| Complete 
|  39|0x00000000a2700000, 0x00000000a2800000, 0x00000000a2800000|100%| S|CS|TAMS 0x00000000a2700000, 0x00000000a2700000| Complete 
|  40|0x00000000a2800000, 0x00000000a2900000, 0x00000000a2900000|100%| S|CS|TAMS 0x00000000a2800000, 0x00000000a2800000| Complete 
|  41|0x00000000a2900000, 0x00000000a2a00000, 0x00000000a2a00000|100%| S|CS|TAMS 0x00000000a2900000, 0x00000000a2900000| Complete 
|  42|0x00000000a2a00000, 0x00000000a2a00000, 0x00000000a2b00000|  0%| F|  |TAMS 0x00000000a2a00000, 0x00000000a2a00000| Untracked 
|  43|0x00000000a2b00000, 0x00000000a2b00000, 0x00000000a2c00000|  0%| F|  |TAMS 0x00000000a2b00000, 0x00000000a2b00000| Untracked 
|  44|0x00000000a2c00000, 0x00000000a2c00000, 0x00000000a2d00000|  0%| F|  |TAMS 0x00000000a2c00000, 0x00000000a2c00000| Untracked 
|  45|0x00000000a2d00000, 0x00000000a2d00000, 0x00000000a2e00000|  0%| F|  |TAMS 0x00000000a2d00000, 0x00000000a2d00000| Untracked 
|  46|0x00000000a2e00000, 0x00000000a2e00000, 0x00000000a2f00000|  0%| F|  |TAMS 0x00000000a2e00000, 0x00000000a2e00000| Untracked 
|  47|0x00000000a2f00000, 0x00000000a2f00000, 0x00000000a3000000|  0%| F|  |TAMS 0x00000000a2f00000, 0x00000000a2f00000| Untracked 
|  48|0x00000000a3000000, 0x00000000a3000000, 0x00000000a3100000|  0%| F|  |TAMS 0x00000000a3000000, 0x00000000a3000000| Untracked 
|  49|0x00000000a3100000, 0x00000000a3100000, 0x00000000a3200000|  0%| F|  |TAMS 0x00000000a3100000, 0x00000000a3100000| Untracked 
|  50|0x00000000a3200000, 0x00000000a3200000, 0x00000000a3300000|  0%| F|  |TAMS 0x00000000a3200000, 0x00000000a3200000| Untracked 
|  51|0x00000000a3300000, 0x00000000a3300000, 0x00000000a3400000|  0%| F|  |TAMS 0x00000000a3300000, 0x00000000a3300000| Untracked 
|  52|0x00000000a3400000, 0x00000000a3400000, 0x00000000a3500000|  0%| F|  |TAMS 0x00000000a3400000, 0x00000000a3400000| Untracked 
|  53|0x00000000a3500000, 0x00000000a3500000, 0x00000000a3600000|  0%| F|  |TAMS 0x00000000a3500000, 0x00000000a3500000| Untracked 
|  54|0x00000000a3600000, 0x00000000a3600000, 0x00000000a3700000|  0%| F|  |TAMS 0x00000000a3600000, 0x00000000a3600000| Untracked 
|  55|0x00000000a3700000, 0x00000000a3700000, 0x00000000a3800000|  0%| F|  |TAMS 0x00000000a3700000, 0x00000000a3700000| Untracked 
|  56|0x00000000a3800000, 0x00000000a3800000, 0x00000000a3900000|  0%| F|  |TAMS 0x00000000a3800000, 0x00000000a3800000| Untracked 
|  57|0x00000000a3900000, 0x00000000a3900000, 0x00000000a3a00000|  0%| F|  |TAMS 0x00000000a3900000, 0x00000000a3900000| Untracked 
|  58|0x00000000a3a00000, 0x00000000a3a00000, 0x00000000a3b00000|  0%| F|  |TAMS 0x00000000a3a00000, 0x00000000a3a00000| Untracked 
|  59|0x00000000a3b00000, 0x00000000a3b00000, 0x00000000a3c00000|  0%| F|  |TAMS 0x00000000a3b00000, 0x00000000a3b00000| Untracked 
|  60|0x00000000a3c00000, 0x00000000a3c00000, 0x00000000a3d00000|  0%| F|  |TAMS 0x00000000a3c00000, 0x00000000a3c00000| Untracked 
|  61|0x00000000a3d00000, 0x00000000a3d00000, 0x00000000a3e00000|  0%| F|  |TAMS 0x00000000a3d00000, 0x00000000a3d00000| Untracked 
|  62|0x00000000a3e00000, 0x00000000a3e00000, 0x00000000a3f00000|  0%| F|  |TAMS 0x00000000a3e00000, 0x00000000a3e00000| Untracked 
|  63|0x00000000a3f00000, 0x00000000a3f00000, 0x00000000a4000000|  0%| F|  |TAMS 0x00000000a3f00000, 0x00000000a3f00000| Untracked 
|  64|0x00000000a4000000, 0x00000000a4000000, 0x00000000a4100000|  0%| F|  |TAMS 0x00000000a4000000, 0x00000000a4000000| Untracked 
|  65|0x00000000a4100000, 0x00000000a4100000, 0x00000000a4200000|  0%| F|  |TAMS 0x00000000a4100000, 0x00000000a4100000| Untracked 
|  66|0x00000000a4200000, 0x00000000a42d4aa8, 0x00000000a4300000| 83%| E|  |TAMS 0x00000000a4200000, 0x00000000a4200000| Complete 
|  67|0x00000000a4300000, 0x00000000a4400000, 0x00000000a4400000|100%| E|CS|TAMS 0x00000000a4300000, 0x00000000a4300000| Complete 
|  68|0x00000000a4400000, 0x00000000a4500000, 0x00000000a4500000|100%| E|CS|TAMS 0x00000000a4400000, 0x00000000a4400000| Complete 
|  69|0x00000000a4500000, 0x00000000a4600000, 0x00000000a4600000|100%| E|CS|TAMS 0x00000000a4500000, 0x00000000a4500000| Complete 
|  70|0x00000000a4600000, 0x00000000a4700000, 0x00000000a4700000|100%| E|CS|TAMS 0x00000000a4600000, 0x00000000a4600000| Complete 
|  71|0x00000000a4700000, 0x00000000a4800000, 0x00000000a4800000|100%| E|CS|TAMS 0x00000000a4700000, 0x00000000a4700000| Complete 
|  72|0x00000000a4800000, 0x00000000a4900000, 0x00000000a4900000|100%| E|CS|TAMS 0x00000000a4800000, 0x00000000a4800000| Complete 
|  73|0x00000000a4900000, 0x00000000a4a00000, 0x00000000a4a00000|100%| E|CS|TAMS 0x00000000a4900000, 0x00000000a4900000| Complete 
|  74|0x00000000a4a00000, 0x00000000a4b00000, 0x00000000a4b00000|100%| E|CS|TAMS 0x00000000a4a00000, 0x00000000a4a00000| Complete 
|  75|0x00000000a4b00000, 0x00000000a4c00000, 0x00000000a4c00000|100%| E|CS|TAMS 0x00000000a4b00000, 0x00000000a4b00000| Complete 
|  76|0x00000000a4c00000, 0x00000000a4d00000, 0x00000000a4d00000|100%| E|CS|TAMS 0x00000000a4c00000, 0x00000000a4c00000| Complete 
|  77|0x00000000a4d00000, 0x00000000a4e00000, 0x00000000a4e00000|100%| E|CS|TAMS 0x00000000a4d00000, 0x00000000a4d00000| Complete 
|  78|0x00000000a4e00000, 0x00000000a4f00000, 0x00000000a4f00000|100%| E|CS|TAMS 0x00000000a4e00000, 0x00000000a4e00000| Complete 
|  79|0x00000000a4f00000, 0x00000000a5000000, 0x00000000a5000000|100%| E|CS|TAMS 0x00000000a4f00000, 0x00000000a4f00000| Complete 
|  80|0x00000000a5000000, 0x00000000a5100000, 0x00000000a5100000|100%| E|CS|TAMS 0x00000000a5000000, 0x00000000a5000000| Complete 
|  81|0x00000000a5100000, 0x00000000a5200000, 0x00000000a5200000|100%| E|CS|TAMS 0x00000000a5100000, 0x00000000a5100000| Complete 
|  82|0x00000000a5200000, 0x00000000a5300000, 0x00000000a5300000|100%| E|CS|TAMS 0x00000000a5200000, 0x00000000a5200000| Complete 
|  83|0x00000000a5300000, 0x00000000a5400000, 0x00000000a5400000|100%| E|CS|TAMS 0x00000000a5300000, 0x00000000a5300000| Complete 
|  84|0x00000000a5400000, 0x00000000a5500000, 0x00000000a5500000|100%| E|CS|TAMS 0x00000000a5400000, 0x00000000a5400000| Complete 
|  85|0x00000000a5500000, 0x00000000a5600000, 0x00000000a5600000|100%| E|CS|TAMS 0x00000000a5500000, 0x00000000a5500000| Complete 
|  86|0x00000000a5600000, 0x00000000a5700000, 0x00000000a5700000|100%| E|CS|TAMS 0x00000000a5600000, 0x00000000a5600000| Complete 
|  87|0x00000000a5700000, 0x00000000a5800000, 0x00000000a5800000|100%| E|CS|TAMS 0x00000000a5700000, 0x00000000a5700000| Complete 
|  88|0x00000000a5800000, 0x00000000a5900000, 0x00000000a5900000|100%| E|CS|TAMS 0x00000000a5800000, 0x00000000a5800000| Complete 
|  89|0x00000000a5900000, 0x00000000a5a00000, 0x00000000a5a00000|100%| E|CS|TAMS 0x00000000a5900000, 0x00000000a5900000| Complete 
|  90|0x00000000a5a00000, 0x00000000a5b00000, 0x00000000a5b00000|100%| E|CS|TAMS 0x00000000a5a00000, 0x00000000a5a00000| Complete 
|  91|0x00000000a5b00000, 0x00000000a5c00000, 0x00000000a5c00000|100%| E|CS|TAMS 0x00000000a5b00000, 0x00000000a5b00000| Complete 
|  92|0x00000000a5c00000, 0x00000000a5d00000, 0x00000000a5d00000|100%| E|CS|TAMS 0x00000000a5c00000, 0x00000000a5c00000| Complete 
|  93|0x00000000a5d00000, 0x00000000a5e00000, 0x00000000a5e00000|100%| E|CS|TAMS 0x00000000a5d00000, 0x00000000a5d00000| Complete 
|  94|0x00000000a5e00000, 0x00000000a5f00000, 0x00000000a5f00000|100%| E|CS|TAMS 0x00000000a5e00000, 0x00000000a5e00000| Complete 
|  95|0x00000000a5f00000, 0x00000000a6000000, 0x00000000a6000000|100%| E|CS|TAMS 0x00000000a5f00000, 0x00000000a5f00000| Complete 

Card table byte_map: [0x00000277a3bc0000,0x00000277a3ec0000] _byte_map_base: 0x00000277a36c0000

Marking Bits (Prev, Next): (CMBitMap*) 0x000002778bed81b0, (CMBitMap*) 0x000002778bed81f0
 Prev Bits: [0x00000277a41c0000, 0x00000277a59c0000)
 Next Bits: [0x00000277a59c0000, 0x00000277a71c0000)

Polling page: 0x000002778bf40000

Metaspace:

Usage:
  Non-class:     17.00 MB used.
      Class:      2.87 MB used.
       Both:     19.86 MB used.

Virtual space:
  Non-class space:       64.00 MB reserved,      17.38 MB ( 27%) committed,  1 nodes.
      Class space:        1.00 GB reserved,       3.19 MB ( <1%) committed,  1 nodes.
             Both:        1.06 GB reserved,      20.56 MB (  2%) committed. 

Chunk freelists:
   Non-Class:  1.86 MB
       Class:  868.00 KB
        Both:  2.71 MB

MaxMetaspaceSize: unlimited
CompressedClassSpaceSize: 1.00 GB
Initial GC threshold: 21.00 MB
Current GC threshold: 21.00 MB
CDS: on
MetaspaceReclaimPolicy: balanced
 - commit_granule_bytes: 65536.
 - commit_granule_words: 8192.
 - virtual_space_node_default_size: 8388608.
 - enlarge_chunks_in_place: 1.
 - new_chunks_are_fully_committed: 0.
 - uncommit_free_chunks: 1.
 - use_allocation_guard: 0.


Internal statistics:

num_allocs_failed_limit: 0.
num_arena_births: 1012.
num_arena_deaths: 0.
num_vsnodes_births: 2.
num_vsnodes_deaths: 0.
num_space_committed: 329.
num_space_uncommitted: 0.
num_chunks_returned_to_freelist: 0.
num_chunks_taken_from_freelist: 1862.
num_chunk_merges: 0.
num_chunk_splits: 1169.
num_chunks_enlarged: 727.
num_inconsistent_stats: 0.

CodeHeap 'non-profiled nmethods': size=120000Kb used=1393Kb max_used=1393Kb free=118606Kb
 bounds [0x000002779b930000, 0x000002779bba0000, 0x00000277a2e60000]
CodeHeap 'profiled nmethods': size=120000Kb used=5887Kb max_used=5887Kb free=114112Kb
 bounds [0x0000027793e60000, 0x0000027794420000, 0x000002779b390000]
CodeHeap 'non-nmethods': size=5760Kb used=1333Kb max_used=1369Kb free=4426Kb
 bounds [0x000002779b390000, 0x000002779b600000, 0x000002779b930000]
 total_blobs=3467 nmethods=2904 adapters=473
 compilation: enabled
              stopped_count=0, restarted_count=0
 full_count=0

Compilation events (20 events):
Event: 8.526 Thread 0x00000277a9c54210 nmethod 2892 0x0000027794413210 code [0x0000027794413420, 0x0000027794413a48]
Event: 8.536 Thread 0x00000277a9c54210 2893       3       java.util.stream.StreamOpFlag::fromCharacteristics (37 bytes)
Event: 8.536 Thread 0x00000277a9c54210 nmethod 2893 0x0000027794413c90 code [0x0000027794413e60, 0x0000027794414198]
Event: 8.536 Thread 0x00000277a9c54210 2894       3       java.util.stream.AbstractPipeline::<init> (55 bytes)
Event: 8.537 Thread 0x00000277a9c54210 nmethod 2894 0x0000027794414290 code [0x0000027794414440, 0x0000027794414718]
Event: 8.537 Thread 0x00000277a9c54210 2895       3       java.lang.invoke.MethodType::methodType (21 bytes)
Event: 8.537 Thread 0x00000277a9c54210 nmethod 2895 0x0000027794414810 code [0x00000277944149e0, 0x0000027794414bb8]
Event: 8.537 Thread 0x00000277a9c54210 2896       3       java.lang.invoke.InfoFromMemberName::getModifiers (8 bytes)
Event: 8.538 Thread 0x00000277a9c54210 nmethod 2896 0x0000027794414c90 code [0x0000027794414e40, 0x0000027794414fb8]
Event: 8.555 Thread 0x00000277a9c54210 2898       3       java.lang.ClassLoader::getParent (32 bytes)
Event: 8.555 Thread 0x00000277a9c54210 nmethod 2898 0x0000027794415090 code [0x0000027794415240, 0x0000027794415498]
Event: 8.613 Thread 0x00000277a9c54210 2899       1       jdk.internal.reflect.ClassFileAssembler::getStack (5 bytes)
Event: 8.613 Thread 0x00000277a9c54210 nmethod 2899 0x000002779ba8be90 code [0x000002779ba8c020, 0x000002779ba8c0d8]
Event: 8.613 Thread 0x00000277a9c54210 2901       3       java.util.stream.StreamSupport::stream (19 bytes)
Event: 8.615 Thread 0x00000277a9c54210 nmethod 2901 0x0000027794415590 code [0x0000027794415780, 0x0000027794415ba8]
Event: 8.615 Thread 0x00000277a9c54210 2902       3       java.util.stream.ReferencePipeline$Head::<init> (8 bytes)
Event: 8.615 Thread 0x00000277a9c54210 nmethod 2902 0x0000027794415d90 code [0x0000027794415f40, 0x00000277944160c8]
Event: 8.616 Thread 0x00000277a9c54210 2903       3       java.io.ObjectStreamField::getTypeCode (9 bytes)
Event: 8.617 Thread 0x00000277a9c54210 nmethod 2903 0x0000027794416190 code [0x00000277944163a0, 0x0000027794416988]
Event: 9.510 Thread 0x00000277a9c54210 2904       3       java.util.concurrent.ConcurrentLinkedQueue::poll (84 bytes)

GC Heap History (6 events):
Event: 1.809 GC heap before
{Heap before GC invocations=0 (full 0):
 garbage-first heap   total 98304K, used 28672K [0x00000000a0000000, 0x0000000100000000)
  region size 1024K, 23 young (23552K), 0 survivors (0K)
 Metaspace       used 3082K, committed 3200K, reserved 1114112K
  class space    used 375K, committed 448K, reserved 1048576K
}
Event: 1.822 GC heap after
{Heap after GC invocations=1 (full 0):
 garbage-first heap   total 98304K, used 9024K [0x00000000a0000000, 0x0000000100000000)
  region size 1024K, 3 young (3072K), 3 survivors (3072K)
 Metaspace       used 3082K, committed 3200K, reserved 1114112K
  class space    used 375K, committed 448K, reserved 1048576K
}
Event: 2.965 GC heap before
{Heap before GC invocations=1 (full 0):
 garbage-first heap   total 98304K, used 37696K [0x00000000a0000000, 0x0000000100000000)
  region size 1024K, 31 young (31744K), 3 survivors (3072K)
 Metaspace       used 4036K, committed 4224K, reserved 1114112K
  class space    used 472K, committed 576K, reserved 1048576K
}
Event: 2.973 GC heap after
{Heap after GC invocations=2 (full 0):
 garbage-first heap   total 98304K, used 13446K [0x00000000a0000000, 0x0000000100000000)
  region size 1024K, 4 young (4096K), 4 survivors (4096K)
 Metaspace       used 4036K, committed 4224K, reserved 1114112K
  class space    used 472K, committed 576K, reserved 1048576K
}
Event: 6.908 GC heap before
{Heap before GC invocations=2 (full 0):
 garbage-first heap   total 98304K, used 64646K [0x00000000a0000000, 0x0000000100000000)
  region size 1024K, 54 young (55296K), 4 survivors (4096K)
 Metaspace       used 15192K, committed 15680K, reserved 1114112K
  class space    used 2087K, committed 2304K, reserved 1048576K
}
Event: 6.921 GC heap after
{Heap after GC invocations=3 (full 0):
 garbage-first heap   total 98304K, used 18637K [0x00000000a0000000, 0x0000000100000000)
  region size 1024K, 6 young (6144K), 6 survivors (6144K)
 Metaspace       used 15192K, committed 15680K, reserved 1114112K
  class space    used 2087K, committed 2304K, reserved 1048576K
}

Dll operation events (13 events):
Event: 0.016 Loaded shared library C:\Program Files\Java\jdk-19\bin\java.dll
Event: 0.031 Loaded shared library C:\Program Files\Java\jdk-19\bin\jsvml.dll
Event: 0.197 Loaded shared library C:\Program Files\Java\jdk-19\bin\net.dll
Event: 0.205 Loaded shared library C:\Program Files\Java\jdk-19\bin\nio.dll
Event: 0.222 Loaded shared library C:\Program Files\Java\jdk-19\bin\zip.dll
Event: 0.771 Loaded shared library C:\Program Files\Java\jdk-19\bin\jimage.dll
Event: 0.916 Loaded shared library C:\Program Files\Java\jdk-19\bin\verify.dll
Event: 1.349 Loaded shared library C:\Users\Admin\.gradle\native\e1d6ef7f7dcc3fd88c89a11ec53ec762bb8ba0a96d01ffa2cd45eb1d1d8dd5c5\windows-amd64\native-platform.dll
Event: 1.375 Loaded shared library C:\Users\Admin\.gradle\native\0d407fdbe67a94daf76414ababcb853783967236a71b16ec16e742cd7a986fd3\windows-amd64\native-platform-file-events.dll
Event: 3.550 Loaded shared library C:\Program Files\Java\jdk-19\bin\management.dll
Event: 3.556 Loaded shared library C:\Program Files\Java\jdk-19\bin\management_ext.dll
Event: 4.216 Loaded shared library C:\Program Files\Java\jdk-19\bin\extnet.dll
Event: 5.044 Loaded shared library C:\Program Files\Java\jdk-19\bin\sunmscapi.dll

Deoptimization events (20 events):
Event: 7.451 Thread 0x00000277ae12b100 DEOPT PACKING pc=0x000002779ba61e40 sp=0x000000c6262fb940
Event: 7.451 Thread 0x00000277ae12b100 DEOPT UNPACKING pc=0x000002779b3f6da3 sp=0x000000c6262fb8c0 mode 2
Event: 7.476 Thread 0x00000277ae12b100 Uncommon trap: trap_request=0xffffff45 fr.pc=0x000002779b9d303c relative=0x000000000000027c
Event: 7.476 Thread 0x00000277ae12b100 Uncommon trap: reason=unstable_if action=reinterpret pc=0x000002779b9d303c method=java.util.concurrent.ConcurrentHashMap.get(Ljava/lang/Object;)Ljava/lang/Object; @ 76 c2
Event: 7.476 Thread 0x00000277ae12b100 DEOPT PACKING pc=0x000002779b9d303c sp=0x000000c6262fae30
Event: 7.476 Thread 0x00000277ae12b100 DEOPT UNPACKING pc=0x000002779b3f6da3 sp=0x000000c6262fad98 mode 2
Event: 8.260 Thread 0x00000277ae12b100 Uncommon trap: trap_request=0xffffff45 fr.pc=0x000002779ba2c2f4 relative=0x0000000000000ef4
Event: 8.260 Thread 0x00000277ae12b100 Uncommon trap: reason=unstable_if action=reinterpret pc=0x000002779ba2c2f4 method=jdk.internal.org.objectweb.asm.SymbolTable.addType(Ljava/lang/String;)I @ 33 c2
Event: 8.260 Thread 0x00000277ae12b100 DEOPT PACKING pc=0x000002779ba2c2f4 sp=0x000000c6262fbe60
Event: 8.260 Thread 0x00000277ae12b100 DEOPT UNPACKING pc=0x000002779b3f6da3 sp=0x000000c6262fbe28 mode 2
Event: 8.350 Thread 0x00000277ae12b100 Uncommon trap: trap_request=0xffffff45 fr.pc=0x000002779ba5475c relative=0x000000000000013c
Event: 8.350 Thread 0x00000277ae12b100 Uncommon trap: reason=unstable_if action=reinterpret pc=0x000002779ba5475c method=java.util.Arrays.equals([Ljava/lang/Object;[Ljava/lang/Object;)Z @ 8 c2
Event: 8.350 Thread 0x00000277ae12b100 DEOPT PACKING pc=0x000002779ba5475c sp=0x000000c6262fc900
Event: 8.350 Thread 0x00000277ae12b100 DEOPT UNPACKING pc=0x000002779b3f6da3 sp=0x000000c6262fc8a0 mode 2
Event: 8.358 Thread 0x00000277ae12b100 DEOPT PACKING pc=0x00000277942c950e sp=0x000000c6262f5b40
Event: 8.358 Thread 0x00000277ae12b100 DEOPT UNPACKING pc=0x000002779b3f7543 sp=0x000000c6262f50c0 mode 0
Event: 8.385 Thread 0x00000277ae12b100 Uncommon trap: trap_request=0xffffff76 fr.pc=0x000002779ba83a74 relative=0x00000000000001b4
Event: 8.385 Thread 0x00000277ae12b100 Uncommon trap: reason=predicate action=maybe_recompile pc=0x000002779ba83a74 method=com.google.common.base.CharMatcher.indexIn(Ljava/lang/CharSequence;I)I @ 19 c2
Event: 8.385 Thread 0x00000277ae12b100 DEOPT PACKING pc=0x000002779ba83a74 sp=0x000000c6262fbe10
Event: 8.385 Thread 0x00000277ae12b100 DEOPT UNPACKING pc=0x000002779b3f6da3 sp=0x000000c6262fbda0 mode 2

Classes loaded (20 events):
Event: 7.866 Loading class java/util/concurrent/atomic/AtomicReferenceFieldUpdater
Event: 7.866 Loading class java/util/concurrent/atomic/AtomicReferenceFieldUpdater done
Event: 7.866 Loading class java/util/concurrent/atomic/AtomicReferenceFieldUpdater$AtomicReferenceFieldUpdaterImpl
Event: 7.867 Loading class java/util/concurrent/atomic/AtomicReferenceFieldUpdater$AtomicReferenceFieldUpdaterImpl done
Event: 7.867 Loading class java/util/concurrent/atomic/AtomicReferenceFieldUpdater$AtomicReferenceFieldUpdaterImpl$1
Event: 7.867 Loading class java/util/concurrent/atomic/AtomicReferenceFieldUpdater$AtomicReferenceFieldUpdaterImpl$1 done
Event: 8.035 Loading class java/util/DualPivotQuicksort
Event: 8.035 Loading class java/util/DualPivotQuicksort done
Event: 8.363 Loading class java/util/concurrent/TimeoutException
Event: 8.363 Loading class java/util/concurrent/TimeoutException done
Event: 8.364 Loading class java/util/concurrent/CancellationException
Event: 8.364 Loading class java/util/concurrent/CancellationException done
Event: 8.373 Loading class java/util/ServiceConfigurationError
Event: 8.373 Loading class java/util/ServiceConfigurationError done
Event: 8.473 Loading class java/util/concurrent/locks/AbstractQueuedSynchronizer$SharedNode
Event: 8.473 Loading class java/util/concurrent/locks/AbstractQueuedSynchronizer$SharedNode done
Event: 8.489 Loading class java/io/InterruptedIOException
Event: 8.489 Loading class java/io/InterruptedIOException done
Event: 8.535 Loading class java/util/ArrayDeque$DeqSpliterator
Event: 8.536 Loading class java/util/ArrayDeque$DeqSpliterator done

Classes unloaded (0 events):
No events

Classes redefined (0 events):
No events

Internal exceptions (20 events):
Event: 6.671 Thread 0x00000277ae12b100 Exception <a 'java/lang/NoSuchMethodError'{0x00000000a2db91c8}: 'java.lang.Object java.lang.invoke.DirectMethodHandle$Holder.newInvokeSpecial(java.lang.Object, java.lang.Object, java.lang.Object, java.lang.Object, java.lang.Object, java.lang.Object, java.lang.Object, java.lang.Object, java.lang.Object, java.lang.Object)'> (0x00000000a2db91c8) 
thrown [s\open\src\hotspot\share\interpreter\linkResolver.cpp, line 774]
Event: 6.883 Thread 0x00000277ae12b100 Exception <a 'java/lang/NoSuchMethodError'{0x00000000a2a78e20}: 'int java.lang.invoke.DirectMethodHandle$Holder.invokeStatic(java.lang.Object, java.lang.Object, java.lang.Object, java.lang.Object)'> (0x00000000a2a78e20) 
thrown [s\open\src\hotspot\share\interpreter\linkResolver.cpp, line 774]
Event: 6.958 Thread 0x00000277ae12b100 Exception <a 'java/lang/NoSuchMethodError'{0x00000000a5f5a428}: 'java.lang.Object java.lang.invoke.DirectMethodHandle$Holder.invokeVirtual(java.lang.Object, java.lang.Object, java.lang.Object, java.lang.Object, java.lang.Object, java.lang.Object, java.lang.Object, java.lang.Object, java.lang.Object, java.lang.Object, java.lang.Object, java.lang.Object, java.lang.Object, java.lang.Object, java.lang.Object, java.lang.Object, java.lang.Object, java.lang.Object, java.lang.Object, java.lang.Object)'> (0x0000000
Event: 6.959 Thread 0x00000277ae12b100 Exception <a 'java/lang/NoSuchMethodError'{0x00000000a5f60258}: 'java.lang.Object java.lang.invoke.DirectMethodHandle$Holder.invokeSpecial(java.lang.Object, java.lang.Object, java.lang.Object, java.lang.Object, java.lang.Object, java.lang.Object, java.lang.Object, java.lang.Object, java.lang.Object, java.lang.Object, java.lang.Object, java.lang.Object, java.lang.Object, java.lang.Object, java.lang.Object, java.lang.Object, java.lang.Object, java.lang.Object, java.lang.Object, java.lang.Object, java.lang.Ob
Event: 6.961 Thread 0x00000277ae12b100 Exception <a 'java/lang/NoSuchMethodError'{0x00000000a5f65788}: 'java.lang.Object java.lang.invoke.DelegatingMethodHandle$Holder.reinvoke_L(java.lang.Object, java.lang.Object, java.lang.Object, java.lang.Object, java.lang.Object, java.lang.Object, java.lang.Object, java.lang.Object, java.lang.Object, java.lang.Object, java.lang.Object, java.lang.Object, java.lang.Object, java.lang.Object, java.lang.Object, java.lang.Object, java.lang.Object, java.lang.Object, java.lang.Object, java.lang.Object)'> (0x000000
Event: 6.982 Thread 0x00000277ae12b100 Exception <a 'java/lang/NoSuchMethodError'{0x00000000a5e63e28}: 'java.lang.Object java.lang.invoke.DirectMethodHandle$Holder.invokeInterface(java.lang.Object, java.lang.Object)'> (0x00000000a5e63e28) 
thrown [s\open\src\hotspot\share\interpreter\linkResolver.cpp, line 774]
Event: 7.339 Thread 0x00000277ae12b100 Exception <a 'java/lang/NoSuchMethodError'{0x00000000a5898d68}: 'void java.lang.invoke.DirectMethodHandle$Holder.invokeStatic(java.lang.Object, java.lang.Object)'> (0x00000000a5898d68) 
thrown [s\open\src\hotspot\share\interpreter\linkResolver.cpp, line 774]
Event: 7.595 Thread 0x00000277ae12b100 Exception <a 'java/lang/NoSuchMethodError'{0x00000000a5324658}: 'java.lang.Object java.lang.invoke.DirectMethodHandle$Holder.newInvokeSpecial(java.lang.Object, java.lang.Object, java.lang.Object, java.lang.Object, java.lang.Object, java.lang.Object, java.lang.Object)'> (0x00000000a5324658) 
thrown [s\open\src\hotspot\share\interpreter\linkResolver.cpp, line 774]
Event: 7.642 Thread 0x00000277ae12b100 Exception <a 'java/lang/NoSuchMethodError'{0x00000000a53d8a00}: 'void java.lang.invoke.DirectMethodHandle$Holder.invokeSpecial(java.lang.Object, java.lang.Object, java.lang.Object, java.lang.Object, java.lang.Object, java.lang.Object, java.lang.Object)'> (0x00000000a53d8a00) 
thrown [s\open\src\hotspot\share\interpreter\linkResolver.cpp, line 774]
Event: 7.705 Thread 0x00000277ae12b100 Exception <a 'java/lang/NoSuchMethodError'{0x00000000a5172718}: 'java.lang.Object java.lang.invoke.DirectMethodHandle$Holder.invokeVirtual(java.lang.Object, java.lang.Object, java.lang.Object, java.lang.Object, java.lang.Object, java.lang.Object, java.lang.Object, java.lang.Object, java.lang.Object, java.lang.Object, java.lang.Object, java.lang.Object, java.lang.Object, java.lang.Object, java.lang.Object, java.lang.Object, java.lang.Object, java.lang.Object, java.lang.Object, java.lang.Object, java.lang.Ob
Event: 7.877 Thread 0x00000277ae12b100 Exception <a 'java/lang/NoSuchMethodError'{0x00000000a4efeff8}: 'int java.lang.invoke.DirectMethodHandle$Holder.invokeStaticInit(java.lang.Object, java.lang.Object, java.lang.Object)'> (0x00000000a4efeff8) 
thrown [s\open\src\hotspot\share\interpreter\linkResolver.cpp, line 774]
Event: 8.092 Thread 0x00000277ae12b100 Exception <a 'java/lang/NoSuchMethodError'{0x00000000a497f4c8}: 'void java.lang.invoke.DirectMethodHandle$Holder.invokeStaticInit(java.lang.Object, java.lang.Object)'> (0x00000000a497f4c8) 
thrown [s\open\src\hotspot\share\interpreter\linkResolver.cpp, line 774]
Event: 8.155 Thread 0x00000277ae12b100 Exception <a 'java/lang/NoSuchMethodError'{0x00000000a4832220}: 'java.lang.Object java.lang.invoke.DirectMethodHandle$Holder.newInvokeSpecial(java.lang.Object, java.lang.Object, java.lang.Object, java.lang.Object, java.lang.Object, java.lang.Object, java.lang.Object, java.lang.Object)'> (0x00000000a4832220) 
thrown [s\open\src\hotspot\share\interpreter\linkResolver.cpp, line 774]
Event: 8.207 Thread 0x00000277ae12b100 Exception <a 'java/lang/NoSuchMethodError'{0x00000000a472f678}: 'java.lang.Object java.lang.invoke.DirectMethodHandle$Holder.newInvokeSpecial(java.lang.Object, java.lang.Object, java.lang.Object, java.lang.Object, java.lang.Object, java.lang.Object, java.lang.Object, java.lang.Object, java.lang.Object)'> (0x00000000a472f678) 
thrown [s\open\src\hotspot\share\interpreter\linkResolver.cpp, line 774]
Event: 8.350 Thread 0x00000277ae12b100 Implicit null exception at 0x000002779ba54638 to 0x000002779ba54749
Event: 8.499 Thread 0x00000277ae12b100 Exception <a 'java/lang/NoSuchMethodError'{0x00000000a430b2e8}: 'void java.lang.invoke.DirectMethodHandle$Holder.invokeStatic(java.lang.Object, java.lang.Object, java.lang.Object, java.lang.Object)'> (0x00000000a430b2e8) 
thrown [s\open\src\hotspot\share\interpreter\linkResolver.cpp, line 774]
Event: 8.507 Thread 0x00000277ae12b100 Exception <a 'java/lang/NoSuchMethodError'{0x00000000a431c518}: 'int java.lang.invoke.DirectMethodHandle$Holder.invokeVirtual(java.lang.Object, java.lang.Object)'> (0x00000000a431c518) 
thrown [s\open\src\hotspot\share\interpreter\linkResolver.cpp, line 774]
Event: 8.519 Thread 0x00000277ae12b100 Exception <a 'java/lang/NoSuchMethodError'{0x00000000a432e5d0}: 'java.lang.Object java.lang.invoke.DirectMethodHandle$Holder.invokeStaticInit(java.lang.Object, java.lang.Object, java.lang.Object)'> (0x00000000a432e5d0) 
thrown [s\open\src\hotspot\share\interpreter\linkResolver.cpp, line 774]
Event: 8.548 Thread 0x00000277ae12b100 Exception <a 'java/lang/NoSuchMethodError'{0x00000000a43536a0}: 'int java.lang.invoke.DirectMethodHandle$Holder.invokeVirtual(java.lang.Object, java.lang.Object, java.lang.Object)'> (0x00000000a43536a0) 
thrown [s\open\src\hotspot\share\interpreter\linkResolver.cpp, line 774]
Event: 8.617 Thread 0x00000277ae36fd00 Exception <a 'java/lang/NoSuchMethodError'{0x00000000a5fa6190}: static Lorg/gradle/internal/build/event/types/DefaultOperationFinishedProgressEvent;.<clinit>()V> (0x00000000a5fa6190) 
thrown [s\open\src\hotspot\share\prims\jni.cpp, line 1107]

VM Operations (20 events):
Event: 4.090 Executing VM operation: Cleanup
Event: 4.090 Executing VM operation: Cleanup done
Event: 4.851 Executing VM operation: HandshakeAllThreads
Event: 4.851 Executing VM operation: HandshakeAllThreads done
Event: 5.058 Executing VM operation: HandshakeAllThreads
Event: 5.058 Executing VM operation: HandshakeAllThreads done
Event: 5.695 Executing VM operation: HandshakeAllThreads
Event: 5.695 Executing VM operation: HandshakeAllThreads done
Event: 5.695 Executing VM operation: Cleanup
Event: 5.695 Executing VM operation: Cleanup done
Event: 6.258 Executing VM operation: HandshakeAllThreads
Event: 6.258 Executing VM operation: HandshakeAllThreads done
Event: 6.259 Executing VM operation: HandshakeAllThreads
Event: 6.259 Executing VM operation: HandshakeAllThreads done
Event: 6.908 Executing VM operation: G1CollectForAllocation
Event: 6.921 Executing VM operation: G1CollectForAllocation done
Event: 7.931 Executing VM operation: Cleanup
Event: 7.932 Executing VM operation: Cleanup done
Event: 8.942 Executing VM operation: Cleanup
Event: 8.942 Executing VM operation: Cleanup done

Events (20 events):
Event: 3.697 Thread 0x00000277aed9dfe0 Thread exited: 0x00000277aed9dfe0
Event: 3.941 Thread 0x00000277af8e7920 Thread added: 0x00000277af8e7920
Event: 4.091 Thread 0x00000277af8e7920 Thread exited: 0x00000277af8e7920
Event: 4.756 Thread 0x00000277af8b1700 Thread added: 0x00000277af8b1700
Event: 4.949 Thread 0x00000277af8b3d30 Thread added: 0x00000277af8b3d30
Event: 5.131 Thread 0x00000277af7fe730 Thread added: 0x00000277af7fe730
Event: 5.140 Thread 0x00000277af5c83b0 Thread added: 0x00000277af5c83b0
Event: 5.292 Thread 0x00000277af74a4b0 Thread added: 0x00000277af74a4b0
Event: 5.307 Thread 0x00000277ae12b100 Thread added: 0x00000277ae12b100
Event: 5.341 Thread 0x00000277ae36d7d0 Thread added: 0x00000277ae36d7d0
Event: 5.349 Thread 0x00000277ae36dd20 Thread added: 0x00000277ae36dd20
Event: 5.364 Thread 0x00000277ae36fd00 Thread added: 0x00000277ae36fd00
Event: 5.697 Thread 0x00000277ae36f7b0 Thread added: 0x00000277ae36f7b0
Event: 5.784 Thread 0x00000277ae36e270 Thread added: 0x00000277ae36e270
Event: 6.243 Thread 0x00000277aee4c890 Thread added: 0x00000277aee4c890
Event: 6.599 Thread 0x00000277ae36d280 Thread added: 0x00000277ae36d280
Event: 7.600 Thread 0x00000277aee4c890 Thread exited: 0x00000277aee4c890
Event: 7.990 Thread 0x00000277b115c820 Thread added: 0x00000277b115c820
Event: 8.473 Thread 0x00000277ae36ed10 Thread added: 0x00000277ae36ed10
Event: 8.502 Thread 0x00000277ae370250 Thread added: 0x00000277ae370250


Dynamic libraries:
0x00007ff69bee0000 - 0x00007ff69bef0000 	C:\Program Files\Java\jdk-19\bin\java.exe
0x00007ffbe8c20000 - 0x00007ffbe8e86000 	C:\WINDOWS\SYSTEM32\ntdll.dll
0x00007ffbe7f10000 - 0x00007ffbe7fd9000 	C:\WINDOWS\System32\KERNEL32.DLL
0x00007ffbe6610000 - 0x00007ffbe69dc000 	C:\WINDOWS\System32\KERNELBASE.dll
0x00007ffbe64c0000 - 0x00007ffbe660b000 	C:\WINDOWS\System32\ucrtbase.dll
0x00007ffbde7d0000 - 0x00007ffbde7e8000 	C:\Program Files\Java\jdk-19\bin\jli.dll
0x00007ffbe7c10000 - 0x00007ffbe7cc2000 	C:\WINDOWS\System32\ADVAPI32.dll
0x00007ffbe8940000 - 0x00007ffbe89e9000 	C:\WINDOWS\System32\msvcrt.dll
0x00007ffbe89f0000 - 0x00007ffbe8a96000 	C:\WINDOWS\System32\sechost.dll
0x00007ffbe69e0000 - 0x00007ffbe6af6000 	C:\WINDOWS\System32\RPCRT4.dll
0x00007ffbe7310000 - 0x00007ffbe74da000 	C:\WINDOWS\System32\USER32.dll
0x00007ffbe5f00000 - 0x00007ffbe5f27000 	C:\WINDOWS\System32\win32u.dll
0x00007ffbd47d0000 - 0x00007ffbd4a6a000 	C:\WINDOWS\WinSxS\amd64_microsoft.windows.common-controls_6595b64144ccf1df_6.0.26100.3912_none_3e07963ce335137e\COMCTL32.dll
0x00007ffbe7ff0000 - 0x00007ffbe801b000 	C:\WINDOWS\System32\GDI32.dll
0x00007ffbcf060000 - 0x00007ffbcf07b000 	C:\Program Files\Java\jdk-19\bin\VCRUNTIME140.dll
0x00007ffbe62f0000 - 0x00007ffbe6422000 	C:\WINDOWS\System32\gdi32full.dll
0x00007ffbe5e50000 - 0x00007ffbe5ef3000 	C:\WINDOWS\System32\msvcp_win.dll
0x00007ffbdc0a0000 - 0x00007ffbdc0ab000 	C:\WINDOWS\SYSTEM32\VERSION.dll
0x00007ffbe8b20000 - 0x00007ffbe8b50000 	C:\WINDOWS\System32\IMM32.DLL
0x00007ffbde7c0000 - 0x00007ffbde7cc000 	C:\Program Files\Java\jdk-19\bin\vcruntime140_1.dll
0x00007ffba20c0000 - 0x00007ffba214e000 	C:\Program Files\Java\jdk-19\bin\msvcp140.dll
0x00007ffb83b00000 - 0x00007ffb847c0000 	C:\Program Files\Java\jdk-19\bin\server\jvm.dll
0x00007ffbd56b0000 - 0x00007ffbd56ba000 	C:\WINDOWS\SYSTEM32\WSOCK32.dll
0x00007ffbe8aa0000 - 0x00007ffbe8b14000 	C:\WINDOWS\System32\WS2_32.dll
0x00007ffbd9670000 - 0x00007ffbd96a6000 	C:\WINDOWS\SYSTEM32\WINMM.dll
0x00007ffbe4b30000 - 0x00007ffbe4b4a000 	C:\WINDOWS\SYSTEM32\kernel.appcore.dll
0x00007ffbd8060000 - 0x00007ffbd806a000 	C:\Program Files\Java\jdk-19\bin\jimage.dll
0x00007ffbd8bb0000 - 0x00007ffbd8df1000 	C:\WINDOWS\SYSTEM32\DBGHELP.DLL
0x00007ffbe6ef0000 - 0x00007ffbe7274000 	C:\WINDOWS\System32\combase.dll
0x00007ffbe6de0000 - 0x00007ffbe6ec0000 	C:\WINDOWS\System32\OLEAUT32.dll
0x00007ffbd0c90000 - 0x00007ffbd0cc9000 	C:\WINDOWS\SYSTEM32\dbgcore.DLL
0x00007ffbe5db0000 - 0x00007ffbe5e49000 	C:\WINDOWS\System32\bcryptPrimitives.dll
0x00007ffbc4a90000 - 0x00007ffbc4ab6000 	C:\Program Files\Java\jdk-19\bin\java.dll
0x00007ffb83a20000 - 0x00007ffb83af7000 	C:\Program Files\Java\jdk-19\bin\jsvml.dll
0x00007ffbe74e0000 - 0x00007ffbe7c0d000 	C:\WINDOWS\System32\SHELL32.dll
0x00007ffbe5f30000 - 0x00007ffbe60a4000 	C:\WINDOWS\System32\wintypes.dll
0x00007ffbe3a00000 - 0x00007ffbe4256000 	C:\WINDOWS\SYSTEM32\windows.storage.dll
0x00007ffbe80d0000 - 0x00007ffbe81bf000 	C:\WINDOWS\System32\SHCORE.dll
0x00007ffbe6c70000 - 0x00007ffbe6cd9000 	C:\WINDOWS\System32\shlwapi.dll
0x00007ffbe5cc0000 - 0x00007ffbe5cef000 	C:\WINDOWS\SYSTEM32\profapi.dll
0x00007ffbcefa0000 - 0x00007ffbcefb3000 	C:\Program Files\Java\jdk-19\bin\net.dll
0x00007ffbddf20000 - 0x00007ffbde03e000 	C:\WINDOWS\SYSTEM32\WINHTTP.dll
0x00007ffbe5080000 - 0x00007ffbe50ea000 	C:\WINDOWS\system32\mswsock.dll
0x00007ffbc4a60000 - 0x00007ffbc4a76000 	C:\Program Files\Java\jdk-19\bin\nio.dll
0x00007ffbb6100000 - 0x00007ffbb6118000 	C:\Program Files\Java\jdk-19\bin\zip.dll
0x00007ffbb8bd0000 - 0x00007ffbb8be0000 	C:\Program Files\Java\jdk-19\bin\verify.dll
0x00007ffbe1190000 - 0x00007ffbe11b7000 	C:\Users\Admin\.gradle\native\e1d6ef7f7dcc3fd88c89a11ec53ec762bb8ba0a96d01ffa2cd45eb1d1d8dd5c5\windows-amd64\native-platform.dll
0x00007ffb838d0000 - 0x00007ffb83a14000 	C:\Users\Admin\.gradle\native\0d407fdbe67a94daf76414ababcb853783967236a71b16ec16e742cd7a986fd3\windows-amd64\native-platform-file-events.dll
0x00007ffbb8b90000 - 0x00007ffbb8b9a000 	C:\Program Files\Java\jdk-19\bin\management.dll
0x00007ffbb88d0000 - 0x00007ffbb88db000 	C:\Program Files\Java\jdk-19\bin\management_ext.dll
0x00007ffbe88e0000 - 0x00007ffbe88e8000 	C:\WINDOWS\System32\PSAPI.DLL
0x00007ffbe5440000 - 0x00007ffbe545c000 	C:\WINDOWS\SYSTEM32\CRYPTSP.dll
0x00007ffbe4a90000 - 0x00007ffbe4aca000 	C:\WINDOWS\system32\rsaenh.dll
0x00007ffbe5120000 - 0x00007ffbe514b000 	C:\WINDOWS\SYSTEM32\USERENV.dll
0x00007ffbe5c90000 - 0x00007ffbe5cb6000 	C:\WINDOWS\SYSTEM32\bcrypt.dll
0x00007ffbe52b0000 - 0x00007ffbe52bc000 	C:\WINDOWS\SYSTEM32\CRYPTBASE.dll
0x00007ffbe4550000 - 0x00007ffbe4583000 	C:\WINDOWS\SYSTEM32\IPHLPAPI.DLL
0x00007ffbe7f00000 - 0x00007ffbe7f0a000 	C:\WINDOWS\System32\NSI.dll
0x00007ffbddea0000 - 0x00007ffbddebf000 	C:\WINDOWS\SYSTEM32\dhcpcsvc6.DLL
0x00007ffbdde70000 - 0x00007ffbdde95000 	C:\WINDOWS\SYSTEM32\dhcpcsvc.DLL
0x00007ffbe4590000 - 0x00007ffbe46b7000 	C:\WINDOWS\SYSTEM32\DNSAPI.dll
0x00007ffbb63b0000 - 0x00007ffbb63b8000 	C:\Program Files\Java\jdk-19\bin\extnet.dll
0x00007ffbb6210000 - 0x00007ffbb621e000 	C:\Program Files\Java\jdk-19\bin\sunmscapi.dll
0x00007ffbe6170000 - 0x00007ffbe62e7000 	C:\WINDOWS\System32\CRYPT32.dll
0x00007ffbe5590000 - 0x00007ffbe55c0000 	C:\WINDOWS\SYSTEM32\ncrypt.dll
0x00007ffbe5540000 - 0x00007ffbe557f000 	C:\WINDOWS\SYSTEM32\NTASN1.dll
0x00007ffbde6d0000 - 0x00007ffbde6d8000 	C:\WINDOWS\system32\wshunix.dll

dbghelp: loaded successfully - version: 4.0.5 - missing functions: none
symbol engine: initialized successfully - sym options: 0x614 - pdb path: .;C:\Program Files\Java\jdk-19\bin;C:\WINDOWS\SYSTEM32;C:\WINDOWS\WinSxS\amd64_microsoft.windows.common-controls_6595b64144ccf1df_6.0.26100.3912_none_3e07963ce335137e;C:\Program Files\Java\jdk-19\bin\server;C:\Users\Admin\.gradle\native\e1d6ef7f7dcc3fd88c89a11ec53ec762bb8ba0a96d01ffa2cd45eb1d1d8dd5c5\windows-amd64;C:\Users\Admin\.gradle\native\0d407fdbe67a94daf76414ababcb853783967236a71b16ec16e742cd7a986fd3\windows-amd64

VM Arguments:
jvm_args: --add-opens=java.base/java.util=ALL-UNNAMED --add-opens=java.base/java.lang=ALL-UNNAMED --add-opens=java.base/java.lang.invoke=ALL-UNNAMED --add-opens=java.base/java.util=ALL-UNNAMED --add-opens=java.prefs/java.util.prefs=ALL-UNNAMED --add-opens=java.prefs/java.util.prefs=ALL-UNNAMED --add-opens=java.base/java.nio.charset=ALL-UNNAMED --add-opens=java.base/java.net=ALL-UNNAMED --add-opens=java.base/java.util.concurrent.atomic=ALL-UNNAMED -Xmx1536m -Dfile.encoding=utf8 -Duser.country=RU -Duser.language=ru -Duser.variant 
java_command: org.gradle.launcher.daemon.bootstrap.GradleDaemon 7.5
java_class_path (initial): C:\Users\Admin\.gradle\wrapper\dists\gradle-7.5-bin\f1w0cc9nuo0eivz97x2xlu9sv\gradle-7.5\lib\gradle-launcher-7.5.jar
Launcher Type: SUN_STANDARD

[Global flags]
     intx CICompilerCount                          = 4                                         {product} {ergonomic}
     uint ConcGCThreads                            = 2                                         {product} {ergonomic}
     uint G1ConcRefinementThreads                  = 8                                         {product} {ergonomic}
   size_t G1HeapRegionSize                         = 1048576                                   {product} {ergonomic}
    uintx GCDrainStackTargetSize                   = 64                                        {product} {ergonomic}
   size_t InitialHeapSize                          = 100663296                                 {product} {ergonomic}
   size_t MarkStackSize                            = 4194304                                   {product} {ergonomic}
   size_t MaxHeapSize                              = 1610612736                                {product} {command line}
   size_t MaxNewSize                               = 965738496                                 {product} {ergonomic}
   size_t MinHeapDeltaBytes                        = 1048576                                   {product} {ergonomic}
   size_t MinHeapSize                              = 8388608                                   {product} {ergonomic}
    uintx NonNMethodCodeHeapSize                   = 5839372                                {pd product} {ergonomic}
    uintx NonProfiledCodeHeapSize                  = 122909434                              {pd product} {ergonomic}
    uintx ProfiledCodeHeapSize                     = 122909434                              {pd product} {ergonomic}
    uintx ReservedCodeCacheSize                    = 251658240                              {pd product} {ergonomic}
     bool SegmentedCodeCache                       = true                                      {product} {ergonomic}
   size_t SoftMaxHeapSize                          = 1610612736                             {manageable} {ergonomic}
     bool UseCompressedClassPointers               = true                           {product lp64_product} {ergonomic}
     bool UseCompressedOops                        = true                           {product lp64_product} {ergonomic}
     bool UseG1GC                                  = true                                      {product} {ergonomic}
     bool UseLargePagesIndividualAllocation        = false                                  {pd product} {ergonomic}

Logging:
Log output configuration:
 #0: stdout all=warning uptime,level,tags foldmultilines=false
 #1: stderr all=off uptime,level,tags foldmultilines=false

Environment Variables:
JAVA_HOME=C:\Program Files\Java\jdk-19
PATH=C:\Program Files\NVIDIA GPU Computing Toolkit\CUDA\v12.8\bin;C:\Program Files\NVIDIA GPU Computing Toolkit\CUDA\v12.8\libnvvp;C:\Program Files\Microsoft MPI\Bin\;C:\Program Files\Common Files\Oracle\Java\javapath;C:\Windows\system32;C:\Windows;C:\Windows\System32\Wbem;C:\Windows\System32\WindowsPowerShell\v1.0\;C:\Windows\System32\OpenSSH\;C:\Program Files\NVIDIA Corporation\NVIDIA NvDLISR;C:\Program Files\dotnet\;C:\Program Files\Microsoft SQL Server\Client SDK\ODBC\170\Tools\Binn\;C:\Program Files (x86)\dotnet\;C:\WINDOWS\system32;C:\WINDOWS;C:\WINDOWS\System32\Wbem;C:\WINDOWS\System32\WindowsPowerShell\v1.0\;C:\WINDOWS\System32\OpenSSH\;C:\Program Files (x86)\Microsoft SQL Server\150\Tools\Binn\;C:\Program Files\Microsoft SQL Server\150\Tools\Binn\;C:\Program Files\Microsoft SQL Server\150\DTS\Binn\;C:\Program Files\Azure Data Studio\bin;C:\Program Files\Git\cmd;C:\Program Files\Docker\Docker\resources\bin;C:\Program Files\Microsoft SQL Server\130\Tools\Binn\;C:\Users\Admin\AppData\Local\Android\Sdk\platform-tools;C:\Program Files\PostgreSQL\16\bin;C:\Program Files (x86)\NVIDIA Corporation\PhysX\Common;C:\Program Files\NVIDIA Corporation\Nsight Compute 2025.1.0\;C:\Program Files\NVIDIA Corporation\NVIDIA app\NvDLISR;C:\Program Files (x86)\Microsoft Visual Studio\2019\Community\VC\Tools\MSVC\14.29.30133\bin\Hostx64\x64;C:\Users\Admin\AppData\Local\nvm;C:\nvm4w\nodejs;C:\Program Files\MySQL\MySQL Server 8.0\bin;C:\Program Files\MySQL\MySQL Shell 8.0\bin\;C:\Users\Admin\AppData\Local\Programs\Python\Python311\Scripts\;C:\Users\Admin\AppData\Local\Programs\Python\Python311\;C:\Users\Admin\AppData\Local\Programs\Python\Launcher\;C:\Users\Admin\AppData\Local\Programs\Python\Python310\Scripts\;C:\Users\Admin\AppData\Local\Programs\Python\Python310\;C:\Users\Admin\AppData\Local\Programs\Python\Python36-32\Scripts\;C:\Users\Admin\AppData\Local\Programs\Python\Python36-32\;C:\Users\Admin\AppData\Local\Programs\Python\Python37\Scripts\;C:\Users\Admin\AppData\Local\Programs\Python\Python37\;C:\Python39\Scripts\;C:\Python39\;C:\Users\Admin\AppData\Local\Microsoft\WindowsApps;C:\Users\Admin\.dotnet\tools;C:\Program Files\JetBrains\PyCharm Community Edition 2022.2.1\bin;C:\Program Files\Azure Data Studio\bin;C:\Users\Admin\AppData\Local\Programs\Microsoft VS Code\bin;C:\Program Files\JetBrains\IntelliJ IDEA Community Edition 2022.3.1\bin;C:\Users\Admin\AppData\Local\Pandoc\;C:\Program Files\Maven\apache-maven-3.9.2\bin;C:\Program Files\JetBrains\IntelliJ IDEA 2023.1.3\bin;C:\Program Files\Java\jdk-19\bin;C:\Users\Admin\AppData\Local\Programs\MiKTeX\miktex\bin\x64\;C:\Users\Admin\AppData\Roaming\npm;C:\Program Files\JetBrains\PyCharm 2023.3.5\bin;;C:\altera\13.1\modelsim_ase\win32aloem;C:\Users\Admin\AppData\Local\Microsoft\WinGet\Packages\cURL.cURL_Microsoft.Winget.Source_8wekyb3d8bbwe\curl-8.12.0_1-win64-mingw/bin;C:\Users\Admin\AppData\Local\Microsoft\WindowsApps;C:\Users\Admin\AppData\Local\nvm\v20.11.1;C:\nvm4w\nodejs
USERNAME=Admin
OS=Windows_NT
PROCESSOR_IDENTIFIER=AMD64 Family 23 Model 24 Stepping 1, AuthenticAMD
TMP=C:\Users\Admin\AppData\Local\Temp
TEMP=C:\Users\Admin\AppData\Local\Temp



---------------  S Y S T E M  ---------------

OS:
 Windows 11 , 64 bit Build 26100 (10.0.26100.3912)
OS uptime: 4 days 23:28 hours
Hyper-V role detected

CPU: total 8 (initial active 8) (8 cores per cpu, 2 threads per core) family 23 model 24 stepping 1 microcode 0x8108109, cx8, cmov, fxsr, ht, mmx, 3dnowpref, sse, sse2, sse3, ssse3, sse4a, sse4.1, sse4.2, popcnt, lzcnt, tsc, tscinvbit, avx, avx2, aes, clmul, bmi1, bmi2, adx, sha, fma, vzeroupper, clflush, clflushopt, hv, rdtscp

Memory: 4k page, system-wide physical 6082M (467M free)
TotalPageFile size 24514M (AvailPageFile size 62M)
current process WorkingSet (physical memory assigned to process): 201M, peak: 204M
current process commit charge ("private bytes"): 271M, peak: 272M

vm_info: Java HotSpot(TM) 64-Bit Server VM (19.0.1+10-21) for windows-amd64 JRE (19.0.1+10-21), built on 2022-09-14T12:45:06Z by "mach5one" with MS VC++ 17.1 (VS2022)

END.
